2024-11-27 02:00:01 - Starting ingestion job
2024-11-27 02:00:01 - Environment variables loaded from /home/exx/myCode/horse-racing/FoxRiverAIRacing/config/.env
2024-11-27 02:00:01 - Starting download job
2024-11-27 02:06:58 - Download job succeeded
2024-11-27 02:06:58 - Results files downloaded: 572
2024-11-27 02:06:58 - PlusPro files downloaded: 67
2024-11-27 02:06:58 - Syncing data directory to S3: s3://rshane/FoxRiverAIRacing/data
2024-11-27 02:09:34 - Sync to S3 succeeded
2024-11-27 02:09:34 - Job completed
2024-11-27 02:00:01 - Results: 572 files, PlusPro: 67 files, Backup: Success
2024-11-27 02:09:34 - Job completed
2024-11-28 02:00:01 - Starting ingestion job
2024-11-28 02:00:01 - Environment variables loaded from /home/exx/myCode/horse-racing/FoxRiverAIRacing/config/.env
2024-11-28 02:00:01 - Starting download job
2024-11-28 02:06:45 - Download job succeeded
2024-11-28 02:06:45 - Results files downloaded: 558
2024-11-28 02:06:45 - PlusPro files downloaded: 80
2024-11-28 02:06:45 - Syncing data directory to S3: s3://rshane/FoxRiverAIRacing/data
2024-11-28 02:09:26 - Sync to S3 succeeded
2024-11-28 02:09:26 - Job completed
2024-11-28 02:00:01 - Results: 558 files, PlusPro: 80 files, Backup: Success
2024-11-28 02:09:26 - Job completed
2024-11-29 02:00:01 - Starting ingestion job
2024-11-29 02:00:01 - Environment variables loaded from /home/exx/myCode/horse-racing/FoxRiverAIRacing/config/.env
2024-11-29 02:00:01 - Starting download job
2024-11-29 02:06:22 - Download job succeeded
2024-11-29 02:06:22 - Results files downloaded: 545
2024-11-29 02:06:22 - PlusPro files downloaded: 78
2024-11-29 02:06:22 - Syncing data directory to S3: s3://rshane/FoxRiverAIRacing/data
2024-11-29 02:09:06 - Sync to S3 succeeded
2024-11-29 02:09:06 - Job completed
2024-11-29 02:00:01 - Results: 545 files, PlusPro: 78 files, Backup: Success
2024-11-29 02:09:06 - Job completed
2024-11-30 02:00:01 - Starting ingestion job
2024-11-30 02:00:01 - Environment variables loaded from /home/exx/myCode/horse-racing/FoxRiverAIRacing/config/.env
2024-11-30 02:00:01 - Starting download job
2024-11-30 02:06:55 - Download job succeeded
2024-11-30 02:06:55 - Results files downloaded: 550
2024-11-30 02:06:55 - PlusPro files downloaded: 88
2024-11-30 02:06:55 - Syncing data directory to S3: s3://rshane/FoxRiverAIRacing/data
2024-11-30 02:09:43 - Sync to S3 succeeded
2024-11-30 02:09:43 - Job completed
2024-11-30 02:00:01 - Results: 550 files, PlusPro: 88 files, Backup: Success
2024-11-30 02:09:43 - Job completed
2024-12-01 02:00:01 - Starting ingestion job
2024-12-01 02:00:01 - Environment variables loaded from /home/exx/myCode/horse-racing/FoxRiverAIRacing/config/.env
2024-12-01 02:00:01 - Starting download job
2024-12-01 02:06:35 - Download job succeeded
2024-12-01 02:06:35 - Results files downloaded: 558
2024-12-01 02:06:35 - PlusPro files downloaded: 85
2024-12-01 02:06:35 - Syncing data directory to S3: s3://rshane/FoxRiverAIRacing/data
2024-12-01 02:09:22 - Sync to S3 succeeded
2024-12-01 02:09:22 - Job completed
2024-12-01 02:00:01 - Results: 558 files, PlusPro: 85 files, Backup: Success
2024-12-01 02:09:22 - Job completed
2024-12-02 02:00:01 - Starting ingestion job
2024-12-02 02:00:01 - Environment variables loaded from /home/exx/myCode/horse-racing/FoxRiverAIRacing/config/.env
2024-12-02 02:00:01 - Starting download job
2024-12-02 02:06:40 - Download job succeeded
2024-12-02 02:06:40 - Results files downloaded: 557
2024-12-02 02:06:40 - PlusPro files downloaded: 84
2024-12-02 02:06:40 - Syncing data directory to S3: s3://rshane/FoxRiverAIRacing/data
2024-12-02 02:09:26 - Sync to S3 succeeded
2024-12-02 02:09:26 - Job completed
2024-12-02 02:00:01 - Results: 557 files, PlusPro: 84 files, Backup: Success
2024-12-02 02:09:26 - Job completed
2024-12-03 09:05:17 - Starting ingestion job
2024-12-03 09:05:17 - Environment variables loaded from /home/exx/myCode/horse-racing/FoxRiverAIRacing/config/.env
2024-12-03 09:05:17 - Starting download job
2024-12-03 09:11:24 - Download job succeeded
2024-12-03 09:11:24 - Results files downloaded: 537
2024-12-03 09:11:24 - PlusPro files downloaded: 51
2024-12-03 09:11:24 - Syncing data directory to S3: s3://rshane/FoxRiverAIRacing/data
2024-12-03 09:14:27 - Sync to S3 succeeded
2024-12-03 09:14:27 - Job completed
2024-12-03 09:05:17 - Results: 537 files, PlusPro: 51 files, Backup: Success
2024-12-03 09:14:27 - Job completed
2024-12-04 02:00:01 - Starting ingestion job
2024-12-04 02:00:01 - Environment variables loaded from /home/exx/myCode/horse-racing/FoxRiverAIRacing/config/.env
2024-12-04 02:00:01 - Starting download job
2024-12-04 02:06:16 - Download job succeeded
2024-12-04 02:06:16 - Results files downloaded: 542
2024-12-04 02:06:16 - PlusPro files downloaded: 63
2024-12-04 02:06:16 - Syncing data directory to S3: s3://rshane/FoxRiverAIRacing/data
2024-12-04 02:09:29 - Sync to S3 succeeded
2024-12-04 02:09:29 - Job completed
2024-12-04 02:00:01 - Results: 542 files, PlusPro: 63 files, Backup: Success
2024-12-04 02:09:29 - Job completed
2024-12-04 10:52:18 - Starting ingestion job
2024-12-04 10:52:18 - Environment variables loaded from /home/exx/myCode/horse-racing/FoxRiverAIRacing/config/.env
2024-12-04 10:52:18 - Starting download job
2024-12-04 10:57:43 - Download job succeeded
2024-12-04 10:57:43 - Results files downloaded: 521
2024-12-04 10:57:43 - PlusPro files downloaded: 56
2024-12-04 10:57:43 - Syncing data directory to S3: s3://rshane/FoxRiverAIRacing/data
2024-12-04 11:00:27 - Sync to S3 succeeded
2024-12-04 11:00:27 - Job completed
2024-12-04 10:52:18 - Results: 521 files, PlusPro: 56 files, Backup: Success
2024-12-04 11:00:27 - Job completed
2024-12-05 02:00:01 - Starting ingestion job
2024-12-05 02:00:01 - Environment variables loaded from /home/exx/myCode/horse-racing/FoxRiverAIRacing/config/.env
2024-12-05 02:00:01 - Starting download job
2024-12-05 02:06:50 - Download job succeeded
2024-12-05 02:06:50 - Results files downloaded: 533
2024-12-05 02:06:50 - PlusPro files downloaded: 71
2024-12-05 02:06:50 - Syncing data directory to S3: s3://rshane/FoxRiverAIRacing/data
2024-12-05 02:07:50 - Sync to S3 succeeded
2024-12-05 02:07:50 - Job completed
2024-12-05 02:00:01 - Results: 533 files, PlusPro: 71 files, Backup: Success
2024-12-05 02:07:50 - Job completed
2024-12-06 02:00:01 - Starting ingestion job
2024-12-06 02:00:01 - Environment variables loaded from /home/exx/myCode/horse-racing/FoxRiverAIRacing/config/.env
2024-12-06 02:00:01 - Starting download job
2024-12-06 02:06:27 - Download job succeeded
2024-12-06 02:06:27 - Results files downloaded: 529
2024-12-06 02:06:27 - PlusPro files downloaded: 85
2024-12-06 02:06:27 - Syncing data directory to S3: s3://rshane/FoxRiverAIRacing/data
2024-12-06 02:10:43 - Sync to S3 succeeded
2024-12-06 02:10:43 - Job completed
2024-12-06 02:00:01 - Results: 529 files, PlusPro: 85 files, Backup: Success
2024-12-06 02:10:43 - Job completed
2024-12-06 11:41:15 - Starting ingestion job
2024-12-06 11:41:15 - Environment variables loaded from /home/exx/myCode/horse-racing/FoxRiverAIRacing/config/.env
2024-12-06 11:41:15 - Starting download job
2024-12-06 11:46:57 - Download job succeeded
2024-12-06 11:46:57 - Results files downloaded: 522
2024-12-06 11:46:57 - PlusPro files downloaded: 82
2024-12-06 11:46:57 - Syncing data directory to S3: s3://rshane/FoxRiverAIRacing/data
2024-12-06 11:49:36 - Sync to S3 succeeded
2024-12-06 11:49:36 - Job completed
2024-12-06 11:41:15 - Results: 522 files, PlusPro: 82 files, Backup: Success
2024-12-06 11:49:36 - Job completed
2024-12-07 02:00:01 - Starting ingestion job
2024-12-07 02:00:01 - Environment variables loaded from /home/exx/myCode/horse-racing/FoxRiverAIRacing/config/.env
2024-12-07 02:00:01 - Starting download job
2024-12-07 02:06:52 - Download job succeeded
2024-12-07 02:06:52 - Results files downloaded: 538
2024-12-07 02:06:52 - PlusPro files downloaded: 85
2024-12-07 02:06:52 - Syncing data directory to S3: s3://rshane/FoxRiverAIRacing/data
2024-12-07 02:09:54 - Sync to S3 succeeded
2024-12-07 02:09:54 - Job completed
2024-12-07 02:00:01 - Results: 538 files, PlusPro: 85 files, Backup: Success
2024-12-07 02:09:54 - Job completed
2024-12-08 02:00:01 - Starting ingestion job
2024-12-08 02:00:01 - Environment variables loaded from /home/exx/myCode/horse-racing/FoxRiverAIRacing/config/.env
2024-12-08 02:00:01 - Starting download job
2024-12-08 02:05:57 - Download job succeeded
2024-12-08 02:05:57 - Results files downloaded: 545
2024-12-08 02:05:57 - PlusPro files downloaded: 92
2024-12-08 02:05:57 - Syncing data directory to S3: s3://rshane/FoxRiverAIRacing/data
2024-12-08 02:08:52 - Sync to S3 succeeded
2024-12-08 02:08:52 - Job completed
2024-12-08 02:00:01 - Results: 545 files, PlusPro: 92 files, Backup: Success
2024-12-08 02:08:52 - Job completed
2024-12-08 13:14:29 - Starting ingestion job
2024-12-08 13:14:29 - Environment variables loaded from /home/exx/myCode/horse-racing/FoxRiverAIRacing/config/.env
2024-12-08 13:14:29 - Starting download job
2024-12-08 13:18:45 - Starting ingestion job
2024-12-08 13:18:45 - Environment variables loaded from /home/exx/myCode/horse-racing/FoxRiverAIRacing/config/.env
2024-12-08 13:18:45 - Starting download job
2024-12-08 13:21:49 - Download job succeeded
2024-12-08 13:21:49 - Results files downloaded: 535
2024-12-08 13:21:49 - PlusPro files downloaded: 81
2024-12-08 13:21:49 - Syncing data directory to S3: s3://rshane/FoxRiverAIRacing/data
2024-12-08 13:24:23 - Sync to S3 succeeded
2024-12-08 13:24:23 - Job completed
2024-12-08 13:14:29 - Results: 535 files, PlusPro: 81 files, Backup: Success
2024-12-08 13:24:23 - Job completed
2024-12-09 10:33:24 - Starting ingestion job
2024-12-09 10:33:24 - Environment variables loaded from /home/exx/myCode/horse-racing/FoxRiverAIRacing/config/.env
2024-12-09 10:33:24 - Starting download job
2024-12-09 10:39:14 - Download job succeeded
2024-12-09 10:39:14 - Results files downloaded: 530
2024-12-09 10:39:14 - PlusPro files downloaded: 67
2024-12-09 10:39:14 - Syncing data directory to S3: s3://rshane/FoxRiverAIRacing/data
2024-12-09 10:41:42 - Sync to S3 succeeded
2024-12-09 10:41:42 - Job completed
2024-12-09 10:33:24 - Results: 530 files, PlusPro: 67 files, Backup: Success
2024-12-09 10:41:42 - Job completed
2024-12-10 02:00:01 - Starting ingestion job
2024-12-10 02:00:01 - Environment variables loaded from /home/exx/myCode/horse-racing/FoxRiverAIRacing/config/.env
2024-12-10 02:00:01 - Starting download job
2024-12-10 02:07:13 - Download job succeeded
2024-12-10 02:07:13 - Results files downloaded: 535
2024-12-10 02:07:13 - PlusPro files downloaded: 73
2024-12-10 02:07:13 - Syncing data directory to S3: s3://rshane/FoxRiverAIRacing/data
2024-12-10 02:11:53 - Sync to S3 succeeded
2024-12-10 02:11:53 - Job completed
2024-12-10 02:00:01 - Results: 535 files, PlusPro: 73 files, Backup: Success
2024-12-10 02:11:53 - Job completed
2024-12-11 02:00:01 - Starting ingestion job
2024-12-11 02:00:01 - Environment variables loaded from /home/exx/myCode/horse-racing/FoxRiverAIRacing/config/.env
2024-12-11 02:00:01 - Starting download job
2024-12-11 02:06:50 - Download job succeeded
2024-12-11 02:06:50 - Results files downloaded: 526
2024-12-11 02:06:50 - PlusPro files downloaded: 64
2024-12-11 02:06:50 - Syncing data directory to S3: s3://rshane/FoxRiverAIRacing/data
2024-12-11 02:11:45 - Sync to S3 succeeded
2024-12-11 02:11:45 - Job completed
2024-12-11 02:00:01 - Results: 526 files, PlusPro: 64 files, Backup: Success
2024-12-11 02:11:45 - Job completed
2024-12-13 02:00:01 - Starting ingestion job
2024-12-13 02:00:01 - Environment variables loaded from /home/exx/myCode/horse-racing/FoxRiverAIRacing/config/.env
2024-12-13 02:00:01 - Starting download job
2024-12-13 02:06:37 - Download job succeeded
2024-12-13 02:06:37 - Results files downloaded: 514
2024-12-13 02:06:37 - PlusPro files downloaded: 85
2024-12-13 02:06:37 - Syncing data directory to S3: s3://rshane/FoxRiverAIRacing/data
2024-12-13 02:24:11 - Sync to S3 succeeded
2024-12-13 02:24:11 - Job completed
2024-12-13 02:00:01 - Results: 514 files, PlusPro: 85 files, Backup: Success
2024-12-13 02:24:11 - Job completed
2024-12-14 02:00:01 - Starting ingestion job
2024-12-14 02:00:01 - Environment variables loaded from /home/exx/myCode/horse-racing/FoxRiverAIRacing/config/.env
2024-12-14 02:00:01 - Starting download job
2024-12-14 02:06:44 - Download job succeeded
2024-12-14 02:06:44 - Results files downloaded: 524
2024-12-14 02:06:44 - PlusPro files downloaded: 95
2024-12-14 02:06:44 - Syncing data directory to S3: s3://rshane/FoxRiverAIRacing/data
2024-12-14 02:08:48 - Sync to S3 succeeded
2024-12-14 02:08:48 - Job completed
2024-12-14 02:00:01 - Results: 524 files, PlusPro: 95 files, Backup: Success
2024-12-14 02:08:48 - Job completed
2024-12-15 13:08:32 - Starting ingestion job
2024-12-15 13:08:32 - Environment variables loaded from /home/exx/myCode/horse-racing/FoxRiverAIRacing/config/.env
2024-12-15 13:08:32 - Starting download job
2024-12-15 13:14:22 - Download job succeeded
2024-12-15 13:14:22 - Results files downloaded: 522
2024-12-15 13:14:22 - PlusPro files downloaded: 75
2024-12-15 13:14:22 - Syncing data directory to S3: s3://rshane/FoxRiverAIRacing/data
2024-12-15 13:29:10 - Sync to S3 succeeded
2024-12-15 13:29:10 - Job completed
2024-12-15 13:08:32 - Results: 522 files, PlusPro: 75 files, Backup: Success
2024-12-15 13:29:10 - Job completed
2024-12-16 02:00:01 - Starting ingestion job
2024-12-16 02:00:01 - Environment variables loaded from /home/exx/myCode/horse-racing/FoxRiverAIRacing/config/.env
2024-12-16 02:00:01 - Starting download job
2024-12-16 02:06:06 - Download job succeeded
2024-12-16 02:06:06 - Results files downloaded: 528
2024-12-16 02:06:06 - PlusPro files downloaded: 77
2024-12-16 02:06:06 - Syncing data directory to S3: s3://rshane/FoxRiverAIRacing/data
2024-12-16 02:07:02 - Sync to S3 succeeded
2024-12-16 02:07:02 - Job completed
2024-12-16 02:00:01 - Results: 528 files, PlusPro: 77 files, Backup: Success
2024-12-16 02:07:02 - Job completed
2024-12-17 02:00:01 - Starting ingestion job
2024-12-17 02:00:01 - Environment variables loaded from /home/exx/myCode/horse-racing/FoxRiverAIRacing/config/.env
2024-12-17 02:00:01 - Starting download job
2024-12-17 02:07:12 - Download job succeeded
2024-12-17 02:07:12 - Results files downloaded: 522
2024-12-17 02:07:12 - PlusPro files downloaded: 66
2024-12-17 02:07:12 - Syncing data directory to S3: s3://rshane/FoxRiverAIRacing/data
2024-12-17 02:10:16 - Sync to S3 succeeded
2024-12-17 02:10:16 - Job completed
2024-12-17 02:00:01 - Results: 522 files, PlusPro: 66 files, Backup: Success
2024-12-17 02:10:16 - Job completed
2024-12-18 02:00:01 - Starting ingestion job
2024-12-18 02:00:01 - Environment variables loaded from /home/exx/myCode/horse-racing/FoxRiverAIRacing/config/.env
2024-12-18 02:00:01 - Starting download job
2024-12-18 02:05:31 - Download job succeeded
2024-12-18 02:05:31 - Results files downloaded: 512
2024-12-18 02:05:31 - PlusPro files downloaded: 54
2024-12-18 02:05:31 - Syncing data directory to S3: s3://rshane/FoxRiverAIRacing/data
2024-12-18 02:08:04 - Sync to S3 succeeded
2024-12-18 02:08:04 - Job completed
2024-12-18 02:00:01 - Results: 512 files, PlusPro: 54 files, Backup: Success
2024-12-18 02:08:04 - Job completed
2024-12-19 02:00:01 - Starting ingestion job
2024-12-19 02:00:01 - Environment variables loaded from /home/exx/myCode/horse-racing/FoxRiverAIRacing/config/.env
2024-12-19 02:00:01 - Starting download job
2024-12-19 02:05:32 - Download job succeeded
2024-12-19 02:05:32 - Results files downloaded: 500
2024-12-19 02:05:32 - PlusPro files downloaded: 49
2024-12-19 02:05:32 - Syncing data directory to S3: s3://rshane/FoxRiverAIRacing/data
2024-12-19 02:08:01 - Sync to S3 succeeded
2024-12-19 02:08:01 - Job completed
2024-12-19 02:00:01 - Results: 500 files, PlusPro: 49 files, Backup: Success
2024-12-19 02:08:01 - Job completed
2024-12-20 02:00:01 - Starting ingestion job
2024-12-20 02:00:01 - Environment variables loaded from /home/exx/myCode/horse-racing/FoxRiverAIRacing/config/.env
2024-12-20 02:00:01 - Starting download job
2024-12-20 02:05:26 - Download job succeeded
2024-12-20 02:05:26 - Results files downloaded: 494
2024-12-20 02:05:26 - PlusPro files downloaded: 54
2024-12-20 02:05:26 - Syncing data directory to S3: s3://rshane/FoxRiverAIRacing/data
2024-12-20 02:07:55 - Sync to S3 succeeded
2024-12-20 02:07:55 - Job completed
2024-12-20 02:00:01 - Results: 494 files, PlusPro: 54 files, Backup: Success
2024-12-20 02:07:55 - Job completed
2024-12-21 02:00:01 - Starting ingestion job
2024-12-21 02:00:01 - Environment variables loaded from /home/exx/myCode/horse-racing/FoxRiverAIRacing/config/.env
2024-12-21 02:00:01 - Starting download job
2024-12-21 02:05:33 - Download job succeeded
2024-12-21 02:05:33 - Results files downloaded: 497
2024-12-21 02:05:33 - PlusPro files downloaded: 59
2024-12-21 02:05:33 - Syncing data directory to S3: s3://rshane/FoxRiverAIRacing/data
2024-12-21 02:07:46 - Sync to S3 succeeded
2024-12-21 02:07:46 - Job completed
2024-12-21 02:00:01 - Results: 497 files, PlusPro: 59 files, Backup: Success
2024-12-21 02:07:46 - Job completed
2024-12-22 02:00:01 - Starting ingestion job
2024-12-22 02:00:01 - Environment variables loaded from /home/exx/myCode/horse-racing/FoxRiverAIRacing/config/.env
2024-12-22 02:00:01 - Starting download job
2024-12-22 02:05:24 - Download job succeeded
2024-12-22 02:05:24 - Results files downloaded: 498
2024-12-22 02:05:24 - PlusPro files downloaded: 55
2024-12-22 02:05:24 - Syncing data directory to S3: s3://rshane/FoxRiverAIRacing/data
2024-12-22 02:07:55 - Sync to S3 succeeded
2024-12-22 02:07:55 - Job completed
2024-12-22 02:00:01 - Results: 498 files, PlusPro: 55 files, Backup: Success
2024-12-22 02:07:55 - Job completed
2024-12-23 02:00:01 - Starting ingestion job
2024-12-23 02:00:01 - Environment variables loaded from /home/exx/myCode/horse-racing/FoxRiverAIRacing/config/.env
2024-12-23 02:00:01 - Starting download job
2024-12-23 02:05:45 - Download job succeeded
2024-12-23 02:05:45 - Results files downloaded: 493
2024-12-23 02:05:45 - PlusPro files downloaded: 59
2024-12-23 02:05:45 - Syncing data directory to S3: s3://rshane/FoxRiverAIRacing/data
2024-12-23 02:08:16 - Sync to S3 succeeded
2024-12-23 02:08:16 - Job completed
2024-12-23 02:00:01 - Results: 493 files, PlusPro: 59 files, Backup: Success
2024-12-23 02:08:16 - Job completed
2024-12-24 02:00:01 - Starting ingestion job
2024-12-24 02:00:01 - Environment variables loaded from /home/exx/myCode/horse-racing/FoxRiverAIRacing/config/.env
2024-12-24 02:00:01 - Starting download job
2024-12-24 02:06:49 - Download job succeeded
2024-12-24 02:06:49 - Results files downloaded: 484
2024-12-24 02:06:49 - PlusPro files downloaded: 58
2024-12-24 02:06:49 - Syncing data directory to S3: s3://rshane/FoxRiverAIRacing/data
2024-12-24 02:09:18 - Sync to S3 succeeded
2024-12-24 02:09:18 - Job completed
2024-12-24 02:00:01 - Results: 484 files, PlusPro: 58 files, Backup: Success
2024-12-24 02:09:18 - Job completed
2024-12-25 02:00:01 - Starting ingestion job
2024-12-25 02:00:01 - Environment variables loaded from /home/exx/myCode/horse-racing/FoxRiverAIRacing/config/.env
2024-12-25 02:00:01 - Starting download job
2024-12-25 02:05:22 - Download job succeeded
2024-12-25 02:05:22 - Results files downloaded: 473
2024-12-25 02:05:22 - PlusPro files downloaded: 50
2024-12-25 02:05:22 - Syncing data directory to S3: s3://rshane/FoxRiverAIRacing/data
2024-12-25 02:07:54 - Sync to S3 succeeded
2024-12-25 02:07:54 - Job completed
2024-12-25 02:00:01 - Results: 473 files, PlusPro: 50 files, Backup: Success
2024-12-25 02:07:54 - Job completed
2024-12-26 02:00:01 - Starting ingestion job
2024-12-26 02:00:01 - Environment variables loaded from /home/exx/myCode/horse-racing/FoxRiverAIRacing/config/.env
2024-12-26 02:00:01 - Starting download job
2024-12-26 02:05:22 - Download job succeeded
2024-12-26 02:05:22 - Results files downloaded: 458
2024-12-26 02:05:22 - PlusPro files downloaded: 42
2024-12-26 02:05:22 - Syncing data directory to S3: s3://rshane/FoxRiverAIRacing/data
2024-12-26 02:07:23 - Sync to S3 succeeded
2024-12-26 02:07:23 - Job completed
2024-12-26 02:00:01 - Results: 458 files, PlusPro: 42 files, Backup: Success
2024-12-26 02:07:23 - Job completed
2024-12-27 02:00:01 - Starting ingestion job
2024-12-27 02:00:01 - Environment variables loaded from /home/exx/myCode/horse-racing/FoxRiverAIRacing/config/.env
2024-12-27 02:00:01 - Starting download job
2024-12-27 02:05:03 - Download job succeeded
2024-12-27 02:05:03 - Results files downloaded: 454
2024-12-27 02:05:03 - PlusPro files downloaded: 56
2024-12-27 02:05:03 - Syncing data directory to S3: s3://rshane/FoxRiverAIRacing/data
2024-12-27 02:07:30 - Sync to S3 succeeded
2024-12-27 02:07:30 - Job completed
2024-12-27 02:00:01 - Results: 454 files, PlusPro: 56 files, Backup: Success
2024-12-27 02:07:30 - Job completed
2024-12-28 02:00:01 - Starting ingestion job
2024-12-28 02:00:01 - Environment variables loaded from /home/exx/myCode/horse-racing/FoxRiverAIRacing/config/.env
2024-12-28 02:00:01 - Starting download job
2024-12-28 02:04:40 - Download job succeeded
2024-12-28 02:04:40 - Results files downloaded: 457
2024-12-28 02:04:40 - PlusPro files downloaded: 69
2024-12-28 02:04:40 - Syncing data directory to S3: s3://rshane/FoxRiverAIRacing/data
2024-12-28 02:06:46 - Sync to S3 succeeded
2024-12-28 02:06:46 - Job completed
2024-12-28 02:00:01 - Results: 457 files, PlusPro: 69 files, Backup: Success
2024-12-28 02:06:46 - Job completed
2024-12-29 02:00:01 - Starting ingestion job
2024-12-29 02:00:01 - Environment variables loaded from /home/exx/myCode/horse-racing/FoxRiverAIRacing/config/.env
2024-12-29 02:00:01 - Starting download job
2024-12-29 02:05:39 - Download job succeeded
2024-12-29 02:05:39 - Results files downloaded: 461
2024-12-29 02:05:39 - PlusPro files downloaded: 74
2024-12-29 02:05:39 - Syncing data directory to S3: s3://rshane/FoxRiverAIRacing/data
2024-12-29 02:07:58 - Sync to S3 succeeded
2024-12-29 02:07:58 - Job completed
2024-12-29 02:00:01 - Results: 461 files, PlusPro: 74 files, Backup: Success
2024-12-29 02:07:58 - Job completed
2024-12-30 02:00:01 - Starting ingestion job
2024-12-30 02:00:01 - Environment variables loaded from /home/exx/myCode/horse-racing/FoxRiverAIRacing/config/.env
2024-12-30 02:00:01 - Starting download job
2024-12-30 02:05:40 - Download job succeeded
2024-12-30 02:05:40 - Results files downloaded: 457
2024-12-30 02:05:40 - PlusPro files downloaded: 75
2024-12-30 02:05:40 - Syncing data directory to S3: s3://rshane/FoxRiverAIRacing/data
2024-12-30 02:07:43 - Sync to S3 succeeded
2024-12-30 02:07:43 - Job completed
2024-12-30 02:00:01 - Results: 457 files, PlusPro: 75 files, Backup: Success
2024-12-30 02:07:43 - Job completed
2024-12-31 02:00:01 - Starting ingestion job
2024-12-31 02:00:01 - Environment variables loaded from /home/exx/myCode/horse-racing/FoxRiverAIRacing/config/.env
2024-12-31 02:00:01 - Starting download job
2024-12-31 02:06:20 - Download job succeeded
2024-12-31 02:06:20 - Results files downloaded: 450
2024-12-31 02:06:20 - PlusPro files downloaded: 67
2024-12-31 02:06:20 - Syncing data directory to S3: s3://rshane/FoxRiverAIRacing/data
2024-12-31 02:09:11 - Sync to S3 succeeded
2024-12-31 02:09:11 - Job completed
2024-12-31 02:00:01 - Results: 450 files, PlusPro: 67 files, Backup: Success
2024-12-31 02:09:11 - Job completed
2025-01-01 02:00:01 - Starting ingestion job
2025-01-01 02:00:01 - Environment variables loaded from /home/exx/myCode/horse-racing/FoxRiverAIRacing/config/.env
2025-01-01 02:00:01 - Starting download job
2025-01-01 02:05:04 - Download job succeeded
2025-01-01 02:05:04 - Results files downloaded: 438
2025-01-01 02:05:04 - PlusPro files downloaded: 55
2025-01-01 02:05:04 - Syncing data directory to S3: s3://rshane/FoxRiverAIRacing/data
2025-01-01 02:07:42 - Sync to S3 succeeded
2025-01-01 02:07:42 - Job completed
2025-01-01 02:00:01 - Results: 438 files, PlusPro: 55 files, Backup: Success
2025-01-01 02:07:42 - Job completed
2025-01-02 02:00:01 - Starting ingestion job
2025-01-02 02:00:01 - Environment variables loaded from /home/exx/myCode/horse-racing/FoxRiverAIRacing/config/.env
2025-01-02 02:00:01 - Starting download job
2025-01-02 02:04:46 - Download job succeeded
2025-01-02 02:04:46 - Results files downloaded: 430
2025-01-02 02:04:46 - PlusPro files downloaded: 55
2025-01-02 02:04:46 - Syncing data directory to S3: s3://rshane/FoxRiverAIRacing/data
2025-01-02 02:07:33 - Sync to S3 succeeded
2025-01-02 02:07:33 - Job completed
2025-01-02 02:00:01 - Results: 430 files, PlusPro: 55 files, Backup: Success
2025-01-02 02:07:33 - Job completed
2025-01-03 02:00:01 - Starting ingestion job
2025-01-03 02:00:01 - Environment variables loaded from /home/exx/myCode/horse-racing/FoxRiverAIRacing/config/.env
2025-01-03 02:00:01 - Starting download job
2025-01-03 02:05:11 - Download job succeeded
2025-01-03 02:05:11 - Results files downloaded: 425
2025-01-03 02:05:11 - PlusPro files downloaded: 67
2025-01-03 02:05:11 - Syncing data directory to S3: s3://rshane/FoxRiverAIRacing/data
2025-01-03 02:08:07 - Sync to S3 succeeded
2025-01-03 02:08:07 - Job completed
2025-01-03 02:00:01 - Results: 425 files, PlusPro: 67 files, Backup: Success
2025-01-03 02:08:07 - Job completed
2025-01-04 02:00:01 - Starting ingestion job
2025-01-04 02:00:01 - Environment variables loaded from /home/exx/myCode/horse-racing/FoxRiverAIRacing/config/.env
2025-01-04 02:00:01 - Starting download job
2025-01-04 02:05:25 - Download job succeeded
2025-01-04 02:05:25 - Results files downloaded: 431
2025-01-04 02:05:25 - PlusPro files downloaded: 84
2025-01-04 02:05:25 - Syncing data directory to S3: s3://rshane/FoxRiverAIRacing/data
2025-01-04 02:08:20 - Sync to S3 succeeded
2025-01-04 02:08:20 - Job completed
2025-01-04 02:00:01 - Results: 431 files, PlusPro: 84 files, Backup: Success
2025-01-04 02:08:20 - Job completed
2025-01-05 02:00:01 - Starting ingestion job
2025-01-05 02:00:01 - Environment variables loaded from /home/exx/myCode/horse-racing/FoxRiverAIRacing/config/.env
2025-01-05 02:00:01 - Starting download job
2025-01-05 02:05:33 - Download job succeeded
2025-01-05 02:05:33 - Results files downloaded: 435
2025-01-05 02:05:33 - PlusPro files downloaded: 79
2025-01-05 02:05:33 - Syncing data directory to S3: s3://rshane/FoxRiverAIRacing/data
2025-01-05 02:08:25 - Sync to S3 succeeded
2025-01-05 02:08:25 - Job completed
2025-01-05 02:00:01 - Results: 435 files, PlusPro: 79 files, Backup: Success
2025-01-05 02:08:25 - Job completed
2025-01-06 02:00:01 - Starting ingestion job
2025-01-06 02:00:01 - Environment variables loaded from /home/exx/myCode/horse-racing/FoxRiverAIRacing/config/.env
2025-01-06 02:00:01 - Starting download job
2025-01-06 02:05:29 - Download job succeeded
2025-01-06 02:05:29 - Results files downloaded: 433
2025-01-06 02:05:29 - PlusPro files downloaded: 78
2025-01-06 02:05:29 - Syncing data directory to S3: s3://rshane/FoxRiverAIRacing/data
2025-01-06 02:08:02 - Sync to S3 succeeded
2025-01-06 02:08:02 - Job completed
2025-01-06 02:00:01 - Results: 433 files, PlusPro: 78 files, Backup: Success
2025-01-06 02:08:02 - Job completed
2025-01-07 02:00:01 - Starting ingestion job
2025-01-07 02:00:01 - Environment variables loaded from /home/exx/myCode/horse-racing/FoxRiverAIRacing/config/.env
2025-01-07 02:00:01 - Starting download job
2025-01-07 02:05:58 - Download job succeeded
2025-01-07 02:05:58 - Results files downloaded: 428
2025-01-07 02:05:58 - PlusPro files downloaded: 68
2025-01-07 02:05:58 - Syncing data directory to S3: s3://rshane/FoxRiverAIRacing/data
2025-01-07 02:08:50 - Sync to S3 succeeded
2025-01-07 02:08:50 - Job completed
2025-01-07 02:00:01 - Results: 428 files, PlusPro: 68 files, Backup: Success
2025-01-07 02:08:50 - Job completed
2025-01-08 02:00:01 - Starting ingestion job
2025-01-08 02:00:01 - Environment variables loaded from /home/exx/myCode/horse-racing/FoxRiverAIRacing/config/.env
2025-01-08 02:00:01 - Starting download job
2025-01-08 02:05:03 - Download job succeeded
2025-01-08 02:05:03 - Results files downloaded: 420
2025-01-08 02:05:03 - PlusPro files downloaded: 57
2025-01-08 02:05:03 - Syncing data directory to S3: s3://rshane/FoxRiverAIRacing/data
2025-01-08 02:07:59 - Sync to S3 succeeded
2025-01-08 02:07:59 - Job completed
2025-01-08 02:00:01 - Results: 420 files, PlusPro: 57 files, Backup: Success
2025-01-08 02:07:59 - Job completed
2025-01-09 02:00:01 - Starting ingestion job
2025-01-09 02:00:01 - Environment variables loaded from /home/exx/myCode/horse-racing/FoxRiverAIRacing/config/.env
2025-01-09 02:00:01 - Starting download job
2025-01-09 02:05:06 - Download job succeeded
2025-01-09 02:05:06 - Results files downloaded: 412
2025-01-09 02:05:06 - PlusPro files downloaded: 52
2025-01-09 02:05:06 - Syncing data directory to S3: s3://rshane/FoxRiverAIRacing/data
2025-01-09 02:07:43 - Sync to S3 succeeded
2025-01-09 02:07:43 - Job completed
2025-01-09 02:00:01 - Results: 412 files, PlusPro: 52 files, Backup: Success
2025-01-09 02:07:43 - Job completed
2025-01-10 02:00:01 - Starting ingestion job
2025-01-10 02:00:01 - Environment variables loaded from /home/exx/myCode/horse-racing/FoxRiverAIRacing/config/.env
2025-01-10 02:00:01 - Starting download job
2025-01-10 02:05:01 - Download job succeeded
2025-01-10 02:05:01 - Results files downloaded: 409
2025-01-10 02:05:01 - PlusPro files downloaded: 60
2025-01-10 02:05:01 - Syncing data directory to S3: s3://rshane/FoxRiverAIRacing/data
2025-01-10 02:07:57 - Sync to S3 succeeded
2025-01-10 02:07:57 - Job completed
2025-01-10 02:00:01 - Results: 409 files, PlusPro: 60 files, Backup: Success
2025-01-10 02:07:57 - Job completed
2025-01-11 02:00:01 - Starting ingestion job
2025-01-11 02:00:01 - Environment variables loaded from /home/exx/myCode/horse-racing/FoxRiverAIRacing/config/.env
2025-01-11 02:00:01 - Starting download job
2025-01-11 02:05:01 - Download job succeeded
2025-01-11 02:05:01 - Results files downloaded: 411
2025-01-11 02:05:01 - PlusPro files downloaded: 75
2025-01-11 02:05:01 - Syncing data directory to S3: s3://rshane/FoxRiverAIRacing/data
2025-01-11 02:07:56 - Sync to S3 succeeded
2025-01-11 02:07:56 - Job completed
2025-01-11 02:00:01 - Results: 411 files, PlusPro: 75 files, Backup: Success
2025-01-11 02:07:56 - Job completed
2025-01-12 02:00:01 - Starting ingestion job
2025-01-12 02:00:01 - Environment variables loaded from /home/exx/myCode/horse-racing/FoxRiverAIRacing/config/.env
2025-01-12 02:00:01 - Starting download job
2025-01-12 02:04:47 - Download job succeeded
2025-01-12 02:04:47 - Results files downloaded: 413
2025-01-12 02:04:47 - PlusPro files downloaded: 74
2025-01-12 02:04:47 - Syncing data directory to S3: s3://rshane/FoxRiverAIRacing/data
2025-01-12 02:07:46 - Sync to S3 succeeded
2025-01-12 02:07:46 - Job completed
2025-01-12 02:00:01 - Results: 413 files, PlusPro: 74 files, Backup: Success
2025-01-12 02:07:46 - Job completed
2025-01-13 02:00:01 - Starting ingestion job
2025-01-13 02:00:01 - Environment variables loaded from /home/exx/myCode/horse-racing/FoxRiverAIRacing/config/.env
2025-01-13 02:00:01 - Starting download job
2025-01-13 02:05:09 - Download job succeeded
2025-01-13 02:05:09 - Results files downloaded: 410
2025-01-13 02:05:09 - PlusPro files downloaded: 71
2025-01-13 02:05:09 - Syncing data directory to S3: s3://rshane/FoxRiverAIRacing/data
2025-01-13 02:08:05 - Sync to S3 succeeded
2025-01-13 02:08:05 - Job completed
2025-01-13 02:00:01 - Results: 410 files, PlusPro: 71 files, Backup: Success
2025-01-13 02:08:05 - Job completed
2025-01-14 02:00:01 - Starting ingestion job
2025-01-14 02:00:01 - Environment variables loaded from /home/exx/myCode/horse-racing/FoxRiverAIRacing/config/.env
2025-01-14 02:00:01 - Starting download job
2025-01-14 02:05:14 - Download job succeeded
2025-01-14 02:05:14 - Results files downloaded: 409
2025-01-14 02:05:14 - PlusPro files downloaded: 63
2025-01-14 02:05:14 - Syncing data directory to S3: s3://rshane/FoxRiverAIRacing/data
2025-01-14 02:08:13 - Sync to S3 succeeded
2025-01-14 02:08:13 - Job completed
2025-01-14 02:00:01 - Results: 409 files, PlusPro: 63 files, Backup: Success
2025-01-14 02:08:13 - Job completed
2025-01-15 02:00:01 - Starting ingestion job
2025-01-15 02:00:01 - Environment variables loaded from /home/exx/myCode/horse-racing/FoxRiverAIRacing/config/.env
2025-01-15 02:00:01 - Starting download job
2025-01-15 02:04:26 - Download job succeeded
2025-01-15 02:04:26 - Results files downloaded: 394
2025-01-15 02:04:26 - PlusPro files downloaded: 51
2025-01-15 02:04:26 - Syncing data directory to S3: s3://rshane/FoxRiverAIRacing/data
2025-01-15 02:07:04 - Sync to S3 succeeded
2025-01-15 02:07:04 - Job completed
2025-01-15 02:00:01 - Results: 394 files, PlusPro: 51 files, Backup: Success
2025-01-15 02:07:04 - Job completed
2025-01-16 02:00:01 - Starting ingestion job
2025-01-16 02:00:01 - Environment variables loaded from /home/exx/myCode/horse-racing/FoxRiverAIRacing/config/.env
2025-01-16 02:00:01 - Starting download job
2025-01-16 02:04:53 - Download job succeeded
2025-01-16 02:04:53 - Results files downloaded: 385
2025-01-16 02:04:53 - PlusPro files downloaded: 56
2025-01-16 02:04:53 - Syncing data directory to S3: s3://rshane/FoxRiverAIRacing/data
2025-01-16 02:08:10 - Sync to S3 succeeded
2025-01-16 02:08:10 - Job completed
2025-01-16 02:00:01 - Results: 385 files, PlusPro: 56 files, Backup: Success
2025-01-16 02:08:10 - Job completed
2025-01-17 02:00:01 - Starting ingestion job
2025-01-17 02:00:01 - Environment variables loaded from /home/exx/myCode/horse-racing/FoxRiverAIRacing/config/.env
2025-01-17 02:00:01 - Starting download job
2025-01-17 02:04:49 - Download job succeeded
2025-01-17 02:04:49 - Results files downloaded: 385
2025-01-17 02:04:49 - PlusPro files downloaded: 75
2025-01-17 02:04:49 - Syncing data directory to S3: s3://rshane/FoxRiverAIRacing/data
2025-01-17 02:09:09 - Sync to S3 succeeded
2025-01-17 02:09:09 - Job completed
2025-01-17 02:00:01 - Results: 385 files, PlusPro: 75 files, Backup: Success
2025-01-17 02:09:09 - Job completed
2025-01-18 02:00:01 - Starting ingestion job
2025-01-18 02:00:01 - Environment variables loaded from /home/exx/myCode/horse-racing/FoxRiverAIRacing/config/.env
2025-01-18 02:00:01 - Starting download job
2025-01-18 02:04:56 - Download job succeeded
2025-01-18 02:04:56 - Results files downloaded: 394
2025-01-18 02:04:56 - PlusPro files downloaded: 93
2025-01-18 02:04:56 - Syncing data directory to S3: s3://rshane/FoxRiverAIRacing/data
2025-01-18 02:07:54 - Sync to S3 succeeded
2025-01-18 02:07:54 - Job completed
2025-01-18 02:00:01 - Results: 394 files, PlusPro: 93 files, Backup: Success
2025-01-18 02:07:54 - Job completed
2025-01-18 11:19:42 - Starting ingestion job
2025-01-18 11:19:42 - Environment variables loaded from /home/exx/myCode/horse-racing/FoxRiverAIRacing/config/.env
2025-01-18 11:19:42 - Starting download job
2025-01-18 11:25:15 - Download job succeeded
2025-01-18 11:25:15 - Results files downloaded: 389
2025-01-18 11:25:15 - PlusPro files downloaded: 88
2025-01-18 11:25:15 - Syncing data directory to S3: s3://rshane/FoxRiverAIRacing/data
2025-01-18 11:28:11 - Sync to S3 succeeded
2025-01-18 11:28:11 - Job completed
2025-01-18 11:19:42 - Results: 389 files, PlusPro: 88 files, Backup: Success
2025-01-18 11:28:11 - Job completed
2025-01-19 02:00:01 - Starting ingestion job
2025-01-19 02:00:01 - Environment variables loaded from /home/exx/myCode/horse-racing/FoxRiverAIRacing/config/.env
2025-01-19 02:00:01 - Starting download job
2025-01-19 02:04:55 - Download job succeeded
2025-01-19 02:04:55 - Results files downloaded: 404
2025-01-19 02:04:55 - PlusPro files downloaded: 82
2025-01-19 02:04:55 - Syncing data directory to S3: s3://rshane/FoxRiverAIRacing/data
2025-01-19 02:08:08 - Sync to S3 succeeded
2025-01-19 02:08:08 - Job completed
2025-01-19 02:00:01 - Results: 404 files, PlusPro: 82 files, Backup: Success
2025-01-19 02:08:08 - Job completed
2025-01-20 02:00:01 - Starting ingestion job
2025-01-20 02:00:01 - Environment variables loaded from /home/exx/myCode/horse-racing/FoxRiverAIRacing/config/.env
2025-01-20 02:00:01 - Starting download job
2025-01-20 02:05:27 - Download job succeeded
2025-01-20 02:05:27 - Results files downloaded: 401
2025-01-20 02:05:27 - PlusPro files downloaded: 83
2025-01-20 02:05:27 - Syncing data directory to S3: s3://rshane/FoxRiverAIRacing/data
2025-01-20 02:08:27 - Sync to S3 succeeded
2025-01-20 02:08:27 - Job completed
2025-01-20 02:00:01 - Results: 401 files, PlusPro: 83 files, Backup: Success
2025-01-20 02:08:27 - Job completed
2025-01-21 02:00:01 - Starting ingestion job
2025-01-21 02:00:01 - Environment variables loaded from /home/exx/myCode/horse-racing/FoxRiverAIRacing/config/.env
2025-01-21 02:00:01 - Starting download job
2025-01-21 02:05:38 - Download job succeeded
2025-01-21 02:05:38 - Results files downloaded: 394
2025-01-21 02:05:38 - PlusPro files downloaded: 74
2025-01-21 02:05:38 - Syncing data directory to S3: s3://rshane/FoxRiverAIRacing/data
2025-01-21 02:08:41 - Sync to S3 succeeded
2025-01-21 02:08:41 - Job completed
2025-01-21 02:00:01 - Results: 394 files, PlusPro: 74 files, Backup: Success
2025-01-21 02:08:41 - Job completed
2025-01-22 02:00:01 - Starting ingestion job
2025-01-22 02:00:01 - Environment variables loaded from /home/exx/myCode/horse-racing/FoxRiverAIRacing/config/.env
2025-01-22 02:00:01 - Starting download job
2025-01-22 02:04:06 - Download job succeeded
2025-01-22 02:04:06 - Results files downloaded: 380
2025-01-22 02:04:06 - PlusPro files downloaded: 62
2025-01-22 02:04:06 - Syncing data directory to S3: s3://rshane/FoxRiverAIRacing/data
2025-01-22 02:07:04 - Sync to S3 succeeded
2025-01-22 02:07:04 - Job completed
2025-01-22 02:00:01 - Results: 380 files, PlusPro: 62 files, Backup: Success
2025-01-22 02:07:04 - Job completed
2025-01-23 02:00:01 - Starting ingestion job
2025-01-23 02:00:01 - Environment variables loaded from /home/exx/myCode/horse-racing/FoxRiverAIRacing/config/.env
2025-01-23 02:00:01 - Starting download job
2025-01-23 02:03:29 - Download job succeeded
2025-01-23 02:03:29 - Results files downloaded: 366
2025-01-23 02:03:29 - PlusPro files downloaded: 65
2025-01-23 02:03:29 - Syncing data directory to S3: s3://rshane/FoxRiverAIRacing/data
2025-01-23 02:06:29 - Sync to S3 succeeded
2025-01-23 02:06:29 - Job completed
2025-01-23 02:00:01 - Results: 366 files, PlusPro: 65 files, Backup: Success
2025-01-23 02:06:29 - Job completed
2025-01-24 02:00:01 - Starting ingestion job
2025-01-24 02:00:01 - Environment variables loaded from /home/exx/myCode/horse-racing/FoxRiverAIRacing/config/.env
2025-01-24 02:00:01 - Starting download job
2025-01-24 02:04:01 - Download job succeeded
2025-01-24 02:04:01 - Results files downloaded: 365
2025-01-24 02:04:01 - PlusPro files downloaded: 78
2025-01-24 02:04:01 - Syncing data directory to S3: s3://rshane/FoxRiverAIRacing/data
2025-01-24 02:07:02 - Sync to S3 succeeded
2025-01-24 02:07:02 - Job completed
2025-01-24 02:00:01 - Results: 365 files, PlusPro: 78 files, Backup: Success
2025-01-24 02:07:02 - Job completed
2025-01-25 02:00:01 - Starting ingestion job
2025-01-25 02:00:01 - Environment variables loaded from /home/exx/myCode/horse-racing/FoxRiverAIRacing/config/.env
2025-01-25 02:00:01 - Starting download job
2025-01-25 02:04:16 - Download job succeeded
2025-01-25 02:04:16 - Results files downloaded: 375
2025-01-25 02:04:16 - PlusPro files downloaded: 94
2025-01-25 02:04:16 - Syncing data directory to S3: s3://rshane/FoxRiverAIRacing/data
2025-01-25 02:08:12 - Sync to S3 succeeded
2025-01-25 02:08:12 - Job completed
2025-01-25 02:00:01 - Results: 375 files, PlusPro: 94 files, Backup: Success
2025-01-25 02:08:12 - Job completed
2025-01-26 02:00:01 - Starting ingestion job
2025-01-26 02:00:01 - Environment variables loaded from /home/exx/myCode/horse-racing/FoxRiverAIRacing/config/.env
2025-01-26 02:00:01 - Starting download job
2025-01-26 02:04:25 - Download job succeeded
2025-01-26 02:04:25 - Results files downloaded: 386
2025-01-26 02:04:25 - PlusPro files downloaded: 94
2025-01-26 02:04:25 - Syncing data directory to S3: s3://rshane/FoxRiverAIRacing/data
2025-01-26 02:08:30 - Sync to S3 succeeded
2025-01-26 02:08:30 - Job completed
2025-01-26 02:00:01 - Results: 386 files, PlusPro: 94 files, Backup: Success
2025-01-26 02:08:30 - Job completed
2025-01-27 02:00:01 - Starting ingestion job
2025-01-27 02:00:01 - Environment variables loaded from /home/exx/myCode/horse-racing/FoxRiverAIRacing/config/.env
2025-01-27 02:00:01 - Starting download job
2025-01-27 02:04:27 - Download job succeeded
2025-01-27 02:04:27 - Results files downloaded: 386
2025-01-27 02:04:27 - PlusPro files downloaded: 87
2025-01-27 02:04:27 - Syncing data directory to S3: s3://rshane/FoxRiverAIRacing/data
2025-01-27 02:07:29 - Sync to S3 succeeded
2025-01-27 02:07:29 - Job completed
2025-01-27 02:00:01 - Results: 386 files, PlusPro: 87 files, Backup: Success
2025-01-27 02:07:29 - Job completed
2025-01-28 02:00:01 - Starting ingestion job
2025-01-28 02:00:01 - Environment variables loaded from /home/exx/myCode/horse-racing/FoxRiverAIRacing/config/.env
2025-01-28 02:00:01 - Starting download job
2025-01-28 02:05:00 - Download job succeeded
2025-01-28 02:05:00 - Results files downloaded: 379
2025-01-28 02:05:00 - PlusPro files downloaded: 73
2025-01-28 02:05:00 - Syncing data directory to S3: s3://rshane/FoxRiverAIRacing/data
2025-01-28 02:09:02 - Sync to S3 succeeded
2025-01-28 02:09:02 - Job completed
2025-01-28 02:00:01 - Results: 379 files, PlusPro: 73 files, Backup: Success
2025-01-28 02:09:02 - Job completed
2025-01-29 02:00:02 - Starting ingestion job
2025-01-29 02:00:02 - Environment variables loaded from /home/exx/myCode/horse-racing/FoxRiverAIRacing/config/.env
2025-01-29 02:00:02 - Starting download job
2025-01-29 02:03:55 - Download job succeeded
2025-01-29 02:03:55 - Results files downloaded: 368
2025-01-29 02:03:55 - PlusPro files downloaded: 61
2025-01-29 02:03:55 - Syncing data directory to S3: s3://rshane/FoxRiverAIRacing/data
2025-01-29 02:07:01 - Sync to S3 succeeded
2025-01-29 02:07:01 - Job completed
2025-01-29 02:00:02 - Results: 368 files, PlusPro: 61 files, Backup: Success
2025-01-29 02:07:01 - Job completed
2025-01-30 02:00:01 - Starting ingestion job
2025-01-30 02:00:01 - Environment variables loaded from /home/exx/myCode/horse-racing/FoxRiverAIRacing/config/.env
2025-01-30 02:00:01 - Starting download job
2025-01-30 02:03:57 - Download job succeeded
2025-01-30 02:03:57 - Results files downloaded: 362
2025-01-30 02:03:57 - PlusPro files downloaded: 62
2025-01-30 02:03:57 - Syncing data directory to S3: s3://rshane/FoxRiverAIRacing/data
2025-01-30 02:07:29 - Sync to S3 succeeded
2025-01-30 02:07:29 - Job completed
2025-01-30 02:00:01 - Results: 362 files, PlusPro: 62 files, Backup: Success
2025-01-30 02:07:29 - Job completed
2025-01-31 02:00:01 - Starting ingestion job
2025-01-31 02:00:01 - Environment variables loaded from /home/exx/myCode/horse-racing/FoxRiverAIRacing/config/.env
2025-01-31 02:00:01 - Starting download job
2025-01-31 02:03:53 - Download job succeeded
2025-01-31 02:03:53 - Results files downloaded: 362
2025-01-31 02:03:53 - PlusPro files downloaded: 79
2025-01-31 02:03:53 - Syncing data directory to S3: s3://rshane/FoxRiverAIRacing/data
2025-01-31 02:07:36 - Sync to S3 succeeded
2025-01-31 02:07:36 - Job completed
2025-01-31 02:00:01 - Results: 362 files, PlusPro: 79 files, Backup: Success
2025-01-31 02:07:36 - Job completed
2025-02-01 02:00:01 - Starting ingestion job
2025-02-01 02:00:01 - Environment variables loaded from /home/exx/myCode/horse-racing/FoxRiverAIRacing/config/.env
2025-02-01 02:00:01 - Starting download job
2025-02-01 02:04:03 - Download job succeeded
2025-02-01 02:04:03 - Results files downloaded: 371
2025-02-01 02:04:03 - PlusPro files downloaded: 91
2025-02-01 02:04:03 - Syncing data directory to S3: s3://rshane/FoxRiverAIRacing/data
2025-02-01 02:08:15 - Sync to S3 succeeded
2025-02-01 02:08:15 - Job completed
2025-02-01 02:00:01 - Results: 371 files, PlusPro: 91 files, Backup: Success
2025-02-01 02:08:15 - Job completed
2025-02-02 02:00:01 - Starting ingestion job
2025-02-02 02:00:01 - Environment variables loaded from /home/exx/myCode/horse-racing/FoxRiverAIRacing/config/.env
2025-02-02 02:00:01 - Starting download job
2025-02-02 02:03:50 - Download job succeeded
2025-02-02 02:03:50 - Results files downloaded: 382
2025-02-02 02:03:50 - PlusPro files downloaded: 87
2025-02-02 02:03:50 - Syncing data directory to S3: s3://rshane/FoxRiverAIRacing/data
2025-02-02 02:08:08 - Sync to S3 succeeded
2025-02-02 02:08:08 - Job completed
2025-02-02 02:00:01 - Results: 382 files, PlusPro: 87 files, Backup: Success
2025-02-02 02:08:08 - Job completed
2025-02-03 02:00:01 - Starting ingestion job
2025-02-03 02:00:01 - Environment variables loaded from /home/exx/myCode/horse-racing/FoxRiverAIRacing/config/.env
2025-02-03 02:00:01 - Starting download job
2025-02-03 02:04:22 - Download job succeeded
2025-02-03 02:04:22 - Results files downloaded: 382
2025-02-03 02:04:22 - PlusPro files downloaded: 81
2025-02-03 02:04:22 - Syncing data directory to S3: s3://rshane/FoxRiverAIRacing/data
2025-02-03 02:08:48 - Sync to S3 succeeded
2025-02-03 02:08:48 - Job completed
2025-02-03 02:00:01 - Results: 382 files, PlusPro: 81 files, Backup: Success
2025-02-03 02:08:48 - Job completed
2025-02-04 02:00:01 - Starting ingestion job
2025-02-04 02:00:01 - Environment variables loaded from /home/exx/myCode/horse-racing/FoxRiverAIRacing/config/.env
2025-02-04 02:00:01 - Starting download job
2025-02-04 02:04:59 - Download job succeeded
2025-02-04 02:04:59 - Results files downloaded: 379
2025-02-04 02:04:59 - PlusPro files downloaded: 70
2025-02-04 02:04:59 - Syncing data directory to S3: s3://rshane/FoxRiverAIRacing/data
2025-02-04 02:10:24 - Sync to S3 succeeded
2025-02-04 02:10:24 - Job completed
2025-02-04 02:00:01 - Results: 379 files, PlusPro: 70 files, Backup: Success
2025-02-04 02:10:24 - Job completed
2025-02-05 02:00:01 - Starting ingestion job
2025-02-05 02:00:01 - Environment variables loaded from /home/exx/myCode/horse-racing/FoxRiverAIRacing/config/.env
2025-02-05 02:00:01 - Starting download job
2025-02-05 02:03:46 - Download job succeeded
2025-02-05 02:03:46 - Results files downloaded: 372
2025-02-05 02:03:46 - PlusPro files downloaded: 59
2025-02-05 02:03:46 - Syncing data directory to S3: s3://rshane/FoxRiverAIRacing/data
2025-02-05 02:08:55 - Sync to S3 succeeded
2025-02-05 02:08:55 - Job completed
2025-02-05 02:00:01 - Results: 372 files, PlusPro: 59 files, Backup: Success
2025-02-05 02:08:55 - Job completed
2025-02-06 02:00:01 - Starting ingestion job
2025-02-06 02:00:01 - Environment variables loaded from /home/exx/myCode/horse-racing/FoxRiverAIRacing/config/.env
2025-02-06 02:00:01 - Starting download job
2025-02-06 02:03:54 - Download job succeeded
2025-02-06 02:03:54 - Results files downloaded: 371
2025-02-06 02:03:54 - PlusPro files downloaded: 60
2025-02-06 02:03:54 - Syncing data directory to S3: s3://rshane/FoxRiverAIRacing/data
2025-02-06 02:09:19 - Sync to S3 succeeded
2025-02-06 02:09:19 - Job completed
2025-02-06 02:00:01 - Results: 371 files, PlusPro: 60 files, Backup: Success
2025-02-06 02:09:19 - Job completed
2025-02-07 02:00:01 - Starting ingestion job
2025-02-07 02:00:01 - Environment variables loaded from /home/exx/myCode/horse-racing/FoxRiverAIRacing/config/.env
2025-02-07 02:00:01 - Starting download job
2025-02-07 02:04:07 - Download job succeeded
2025-02-07 02:04:07 - Results files downloaded: 375
2025-02-07 02:04:07 - PlusPro files downloaded: 73
2025-02-07 02:04:07 - Syncing data directory to S3: s3://rshane/FoxRiverAIRacing/data
2025-02-07 02:09:33 - Sync to S3 succeeded
2025-02-07 02:09:33 - Job completed
2025-02-07 02:00:01 - Results: 375 files, PlusPro: 73 files, Backup: Success
2025-02-07 02:09:33 - Job completed
2025-02-08 02:00:01 - Starting ingestion job
2025-02-08 02:00:01 - Environment variables loaded from /home/exx/myCode/horse-racing/FoxRiverAIRacing/config/.env
2025-02-08 02:00:01 - Starting download job
2025-02-08 02:04:11 - Download job succeeded
2025-02-08 02:04:11 - Results files downloaded: 388
2025-02-08 02:04:11 - PlusPro files downloaded: 87
2025-02-08 02:04:11 - Syncing data directory to S3: s3://rshane/FoxRiverAIRacing/data
2025-02-08 02:09:35 - Sync to S3 succeeded
2025-02-08 02:09:35 - Job completed
2025-02-08 02:00:01 - Results: 388 files, PlusPro: 87 files, Backup: Success
2025-02-08 02:09:35 - Job completed
2025-02-09 02:00:01 - Starting ingestion job
2025-02-09 02:00:01 - Environment variables loaded from /home/exx/myCode/horse-racing/FoxRiverAIRacing/config/.env
2025-02-09 02:00:01 - Starting download job
2025-02-09 02:04:33 - Download job succeeded
2025-02-09 02:04:33 - Results files downloaded: 403
2025-02-09 02:04:33 - PlusPro files downloaded: 85
2025-02-09 02:04:33 - Syncing data directory to S3: s3://rshane/FoxRiverAIRacing/data
2025-02-09 02:10:01 - Sync to S3 succeeded
2025-02-09 02:10:01 - Job completed
2025-02-09 02:00:01 - Results: 403 files, PlusPro: 85 files, Backup: Success
2025-02-09 02:10:01 - Job completed
2025-02-10 02:00:01 - Starting ingestion job
2025-02-10 02:00:01 - Environment variables loaded from /home/exx/myCode/horse-racing/FoxRiverAIRacing/config/.env
2025-02-10 02:00:01 - Starting download job
2025-02-10 02:04:06 - Download job succeeded
2025-02-10 02:04:06 - Results files downloaded: 409
2025-02-10 02:04:06 - PlusPro files downloaded: 77
2025-02-10 02:04:06 - Syncing data directory to S3: s3://rshane/FoxRiverAIRacing/data
2025-02-10 02:09:31 - Sync to S3 succeeded
2025-02-10 02:09:31 - Job completed
2025-02-10 02:00:01 - Results: 409 files, PlusPro: 77 files, Backup: Success
2025-02-10 02:09:31 - Job completed
2025-02-11 02:00:01 - Starting ingestion job
2025-02-11 02:00:01 - Environment variables loaded from /home/exx/myCode/horse-racing/FoxRiverAIRacing/config/.env
2025-02-11 02:00:01 - Starting download job
2025-02-11 02:05:38 - Download job succeeded
2025-02-11 02:05:38 - Results files downloaded: 408
2025-02-11 02:05:38 - PlusPro files downloaded: 65
2025-02-11 02:05:38 - Syncing data directory to S3: s3://rshane/FoxRiverAIRacing/data
2025-02-11 02:11:06 - Sync to S3 succeeded
2025-02-11 02:11:06 - Job completed
2025-02-11 02:00:01 - Results: 408 files, PlusPro: 65 files, Backup: Success
2025-02-11 02:11:06 - Job completed
2025-02-12 02:00:01 - Starting ingestion job
2025-02-12 02:00:01 - Environment variables loaded from /home/exx/myCode/horse-racing/FoxRiverAIRacing/config/.env
2025-02-12 02:00:01 - Starting download job
2025-02-12 02:04:20 - Download job succeeded
2025-02-12 02:04:20 - Results files downloaded: 398
2025-02-12 02:04:20 - PlusPro files downloaded: 55
2025-02-12 02:04:20 - Syncing data directory to S3: s3://rshane/FoxRiverAIRacing/data
2025-02-12 02:09:51 - Sync to S3 succeeded
2025-02-12 02:09:51 - Job completed
2025-02-12 02:00:01 - Results: 398 files, PlusPro: 55 files, Backup: Success
2025-02-12 02:09:51 - Job completed
2025-02-13 02:00:01 - Starting ingestion job
2025-02-13 02:00:01 - Environment variables loaded from /home/exx/myCode/horse-racing/FoxRiverAIRacing/config/.env
2025-02-13 02:00:01 - Starting download job
2025-02-13 02:04:20 - Download job succeeded
2025-02-13 02:04:20 - Results files downloaded: 393
2025-02-13 02:04:20 - PlusPro files downloaded: 58
2025-02-13 02:04:20 - Syncing data directory to S3: s3://rshane/FoxRiverAIRacing/data
2025-02-13 02:09:46 - Sync to S3 succeeded
2025-02-13 02:09:46 - Job completed
2025-02-13 02:00:01 - Results: 393 files, PlusPro: 58 files, Backup: Success
2025-02-13 02:09:46 - Job completed
2025-02-14 02:00:01 - Starting ingestion job
2025-02-14 02:00:01 - Environment variables loaded from /home/exx/myCode/horse-racing/FoxRiverAIRacing/config/.env
2025-02-14 02:00:01 - Starting download job
2025-02-14 02:04:18 - Download job succeeded
2025-02-14 02:04:18 - Results files downloaded: 394
2025-02-14 02:04:18 - PlusPro files downloaded: 80
2025-02-14 02:04:18 - Syncing data directory to S3: s3://rshane/FoxRiverAIRacing/data
2025-02-14 02:09:48 - Sync to S3 succeeded
2025-02-14 02:09:48 - Job completed
2025-02-14 02:00:01 - Results: 394 files, PlusPro: 80 files, Backup: Success
2025-02-14 02:09:48 - Job completed
2025-02-15 02:00:01 - Starting ingestion job
2025-02-15 02:00:01 - Environment variables loaded from /home/exx/myCode/horse-racing/FoxRiverAIRacing/config/.env
2025-02-15 02:00:01 - Starting download job
2025-02-15 02:03:59 - Download job succeeded
2025-02-15 02:03:59 - Results files downloaded: 405
2025-02-15 02:03:59 - PlusPro files downloaded: 94
2025-02-15 02:03:59 - Syncing data directory to S3: s3://rshane/FoxRiverAIRacing/data
2025-02-15 02:09:35 - Sync to S3 succeeded
2025-02-15 02:09:35 - Job completed
2025-02-15 02:00:01 - Results: 405 files, PlusPro: 94 files, Backup: Success
2025-02-15 02:09:35 - Job completed
2025-02-16 02:00:02 - Starting ingestion job
2025-02-16 02:00:02 - Environment variables loaded from /home/exx/myCode/horse-racing/FoxRiverAIRacing/config/.env
2025-02-16 02:00:02 - Starting download job
2025-02-16 02:04:38 - Download job succeeded
2025-02-16 02:04:38 - Results files downloaded: 417
2025-02-16 02:04:38 - PlusPro files downloaded: 93
2025-02-16 02:04:38 - Syncing data directory to S3: s3://rshane/FoxRiverAIRacing/data
2025-02-16 02:10:21 - Sync to S3 succeeded
2025-02-16 02:10:21 - Job completed
2025-02-16 02:00:02 - Results: 417 files, PlusPro: 93 files, Backup: Success
2025-02-16 02:10:21 - Job completed
2025-02-17 02:00:01 - Starting ingestion job
2025-02-17 02:00:01 - Environment variables loaded from /home/exx/myCode/horse-racing/FoxRiverAIRacing/config/.env
2025-02-17 02:00:01 - Starting download job
2025-02-17 02:04:25 - Download job succeeded
2025-02-17 02:04:25 - Results files downloaded: 418
2025-02-17 02:04:25 - PlusPro files downloaded: 87
2025-02-17 02:04:25 - Syncing data directory to S3: s3://rshane/FoxRiverAIRacing/data
2025-02-17 02:10:09 - Sync to S3 succeeded
2025-02-17 02:10:09 - Job completed
2025-02-17 02:00:01 - Results: 418 files, PlusPro: 87 files, Backup: Success
2025-02-17 02:10:09 - Job completed
2025-02-18 02:00:01 - Starting ingestion job
2025-02-18 02:00:01 - Environment variables loaded from /home/exx/myCode/horse-racing/FoxRiverAIRacing/config/.env
2025-02-18 02:00:01 - Starting download job
2025-02-18 02:05:17 - Download job succeeded
2025-02-18 02:05:17 - Results files downloaded: 415
2025-02-18 02:05:17 - PlusPro files downloaded: 77
2025-02-18 02:05:17 - Syncing data directory to S3: s3://rshane/FoxRiverAIRacing/data
2025-02-18 02:10:16 - Sync to S3 succeeded
2025-02-18 02:10:16 - Job completed
2025-02-18 02:00:01 - Results: 415 files, PlusPro: 77 files, Backup: Success
2025-02-18 02:10:16 - Job completed
2025-02-19 02:00:01 - Starting ingestion job
2025-02-19 02:00:01 - Environment variables loaded from /home/exx/myCode/horse-racing/FoxRiverAIRacing/config/.env
2025-02-19 02:00:01 - Starting download job
2025-02-19 02:05:02 - Download job succeeded
2025-02-19 02:05:02 - Results files downloaded: 404
2025-02-19 02:05:02 - PlusPro files downloaded: 64
2025-02-19 02:05:02 - Syncing data directory to S3: s3://rshane/FoxRiverAIRacing/data
2025-02-19 02:10:54 - Sync to S3 succeeded
2025-02-19 02:10:54 - Job completed
2025-02-19 02:00:01 - Results: 404 files, PlusPro: 64 files, Backup: Success
2025-02-19 02:10:54 - Job completed
2025-02-20 02:00:01 - Starting ingestion job
2025-02-20 02:00:01 - Environment variables loaded from /home/exx/myCode/horse-racing/FoxRiverAIRacing/config/.env
2025-02-20 02:00:01 - Starting download job
2025-02-20 02:04:48 - Download job succeeded
2025-02-20 02:04:48 - Results files downloaded: 399
2025-02-20 02:04:48 - PlusPro files downloaded: 63
2025-02-20 02:04:48 - Syncing data directory to S3: s3://rshane/FoxRiverAIRacing/data
fatal error: Could not connect to the endpoint URL: "https://rshane.s3.us-east-1.amazonaws.com/?list-type=2&prefix=FoxRiverAIRacing%2Fdata%2F&continuation-token=1RDpl1eYepApJTu2%2BZowZFa0wBY8QaPNju%2Bwpn4KQQysEkiqTC%2FEAYo9NUMSNaHLx8oZ6WsHLluT2jYFesxiKQMrhrpEO9lb1&encoding-type=url"
2025-02-20 02:06:40 - Sync to S3 failed
2025-02-20 02:06:40 - Job completed
2025-02-20 02:00:01 - Results: 399 files, PlusPro: 63 files, Backup: Failed
2025-02-20 02:06:40 - Job completed
2025-02-21 02:00:01 - Starting ingestion job
2025-02-21 02:00:01 - Environment variables loaded from /home/exx/myCode/horse-racing/FoxRiverAIRacing/config/.env
2025-02-21 02:00:01 - Starting download job
2025-02-21 02:05:03 - Download job succeeded
2025-02-21 02:05:03 - Results files downloaded: 395
2025-02-21 02:05:03 - PlusPro files downloaded: 74
2025-02-21 02:05:03 - Syncing data directory to S3: s3://rshane/FoxRiverAIRacing/data
2025-02-21 02:12:18 - Sync to S3 succeeded
2025-02-21 02:12:18 - Job completed
2025-02-21 02:00:01 - Results: 395 files, PlusPro: 74 files, Backup: Success
2025-02-21 02:12:18 - Job completed
2025-02-22 02:00:01 - Starting ingestion job
2025-02-22 02:00:01 - Environment variables loaded from /home/exx/myCode/horse-racing/FoxRiverAIRacing/config/.env
2025-02-22 02:00:01 - Starting download job
2025-02-22 02:05:12 - Download job succeeded
2025-02-22 02:05:12 - Results files downloaded: 405
2025-02-22 02:05:12 - PlusPro files downloaded: 89
2025-02-22 02:05:12 - Syncing data directory to S3: s3://rshane/FoxRiverAIRacing/data
2025-02-22 02:14:50 - Sync to S3 succeeded
2025-02-22 02:14:50 - Job completed
2025-02-22 02:00:01 - Results: 405 files, PlusPro: 89 files, Backup: Success
2025-02-22 02:14:50 - Job completed
2025-02-23 02:00:02 - Starting ingestion job
2025-02-23 02:00:02 - Environment variables loaded from /home/exx/myCode/horse-racing/FoxRiverAIRacing/config/.env
2025-02-23 02:00:02 - Starting download job
2025-02-23 02:05:27 - Download job succeeded
2025-02-23 02:05:27 - Results files downloaded: 417
2025-02-23 02:05:27 - PlusPro files downloaded: 87
2025-02-23 02:05:27 - Syncing data directory to S3: s3://rshane/FoxRiverAIRacing/data
2025-02-23 02:16:59 - Sync to S3 succeeded
2025-02-23 02:16:59 - Job completed
2025-02-23 02:00:02 - Results: 417 files, PlusPro: 87 files, Backup: Success
2025-02-23 02:16:59 - Job completed
2025-02-24 02:00:01 - Starting ingestion job
2025-02-24 02:00:01 - Environment variables loaded from /home/exx/myCode/horse-racing/FoxRiverAIRacing/config/.env
2025-02-24 02:00:01 - Starting download job
2025-02-24 02:05:43 - Download job succeeded
2025-02-24 02:05:43 - Results files downloaded: 423
2025-02-24 02:05:43 - PlusPro files downloaded: 87
2025-02-24 02:05:43 - Syncing data directory to S3: s3://rshane/FoxRiverAIRacing/data
2025-02-24 02:20:26 - Sync to S3 succeeded
2025-02-24 02:20:26 - Job completed
2025-02-24 02:00:01 - Results: 423 files, PlusPro: 87 files, Backup: Success
2025-02-24 02:20:26 - Job completed
2025-02-25 02:00:01 - Starting ingestion job
2025-02-25 02:00:01 - Environment variables loaded from /home/exx/myCode/horse-racing/FoxRiverAIRacing/config/.env
2025-02-25 02:00:01 - Starting download job
2025-02-25 02:06:36 - Download job succeeded
2025-02-25 02:06:36 - Results files downloaded: 418
2025-02-25 02:06:36 - PlusPro files downloaded: 74
2025-02-25 02:06:36 - Syncing data directory to S3: s3://rshane/FoxRiverAIRacing/data
2025-02-25 02:22:14 - Sync to S3 succeeded
2025-02-25 02:22:14 - Job completed
2025-02-25 02:00:01 - Results: 418 files, PlusPro: 74 files, Backup: Success
2025-02-25 02:22:14 - Job completed
2025-02-26 02:00:01 - Starting ingestion job
2025-02-26 02:00:01 - Environment variables loaded from /home/exx/myCode/horse-racing/FoxRiverAIRacing/config/.env
2025-02-26 02:00:01 - Starting download job
2025-02-26 02:05:13 - Download job succeeded
2025-02-26 02:05:13 - Results files downloaded: 411
2025-02-26 02:05:13 - PlusPro files downloaded: 59
2025-02-26 02:05:13 - Syncing data directory to S3: s3://rshane/FoxRiverAIRacing/data
2025-02-26 02:21:10 - Sync to S3 succeeded
2025-02-26 02:21:10 - Job completed
2025-02-26 02:00:01 - Results: 411 files, PlusPro: 59 files, Backup: Success
2025-02-26 02:21:10 - Job completed
2025-02-27 02:00:01 - Starting ingestion job
2025-02-27 02:00:01 - Environment variables loaded from /home/exx/myCode/horse-racing/FoxRiverAIRacing/config/.env
2025-02-27 02:00:01 - Starting download job
2025-02-27 02:04:28 - Download job succeeded
2025-02-27 02:04:28 - Results files downloaded: 409
2025-02-27 02:04:28 - PlusPro files downloaded: 60
2025-02-27 02:04:28 - Syncing data directory to S3: s3://rshane/FoxRiverAIRacing/data
2025-02-27 02:20:37 - Sync to S3 succeeded
2025-02-27 02:20:37 - Job completed
2025-02-27 02:00:01 - Results: 409 files, PlusPro: 60 files, Backup: Success
2025-02-27 02:20:37 - Job completed
2025-02-28 02:00:01 - Starting ingestion job
2025-02-28 02:00:01 - Environment variables loaded from /home/exx/myCode/horse-racing/FoxRiverAIRacing/config/.env
2025-02-28 02:00:01 - Starting download job
2025-02-28 02:05:17 - Download job succeeded
2025-02-28 02:05:17 - Results files downloaded: 411
2025-02-28 02:05:17 - PlusPro files downloaded: 79
2025-02-28 02:05:17 - Syncing data directory to S3: s3://rshane/FoxRiverAIRacing/data
2025-02-28 02:21:40 - Sync to S3 succeeded
2025-02-28 02:21:40 - Job completed
2025-02-28 02:00:01 - Results: 411 files, PlusPro: 79 files, Backup: Success
2025-02-28 02:21:40 - Job completed
2025-03-01 02:00:01 - Starting ingestion job
2025-03-01 02:00:01 - Environment variables loaded from /home/exx/myCode/horse-racing/FoxRiverAIRacing/config/.env
2025-03-01 02:00:01 - Starting download job
2025-03-01 02:05:58 - Download job succeeded
2025-03-01 02:05:58 - Results files downloaded: 424
2025-03-01 02:05:58 - PlusPro files downloaded: 95
2025-03-01 02:05:58 - Syncing data directory to S3: s3://rshane/FoxRiverAIRacing/data
2025-03-01 02:09:58 - Sync to S3 succeeded
2025-03-01 02:09:58 - Job completed
2025-03-01 02:00:01 - Results: 424 files, PlusPro: 95 files, Backup: Success
2025-03-01 02:09:58 - Job completed
2025-03-02 02:00:01 - Starting ingestion job
2025-03-02 02:00:01 - Environment variables loaded from /home/exx/myCode/horse-racing/FoxRiverAIRacing/config/.env
2025-03-02 02:00:01 - Starting download job
2025-03-02 02:05:05 - Download job succeeded
2025-03-02 02:05:05 - Results files downloaded: 437
2025-03-02 02:05:05 - PlusPro files downloaded: 81
2025-03-02 02:05:05 - Syncing data directory to S3: s3://rshane/FoxRiverAIRacing/data
2025-03-02 02:09:28 - Sync to S3 succeeded
2025-03-02 02:09:28 - Job completed
2025-03-02 02:00:01 - Results: 437 files, PlusPro: 81 files, Backup: Success
2025-03-02 02:09:28 - Job completed
2025-03-03 02:00:01 - Starting ingestion job
2025-03-03 02:00:01 - Environment variables loaded from /home/exx/myCode/horse-racing/FoxRiverAIRacing/config/.env
2025-03-03 02:00:01 - Starting download job
2025-03-03 02:05:58 - Download job succeeded
2025-03-03 02:05:58 - Results files downloaded: 439
2025-03-03 02:05:58 - PlusPro files downloaded: 65
2025-03-03 02:05:58 - Syncing data directory to S3: s3://rshane/FoxRiverAIRacing/data
2025-03-03 02:13:34 - Sync to S3 succeeded
2025-03-03 02:13:34 - Job completed
2025-03-03 02:00:01 - Results: 439 files, PlusPro: 65 files, Backup: Success
2025-03-03 02:13:34 - Job completed
2025-03-04 02:00:01 - Starting ingestion job
2025-03-04 02:00:01 - Environment variables loaded from /home/exx/myCode/horse-racing/FoxRiverAIRacing/config/.env
2025-03-04 02:00:01 - Starting download job
2025-03-04 02:06:37 - Download job succeeded
2025-03-04 02:06:37 - Results files downloaded: 433
2025-03-04 02:06:37 - PlusPro files downloaded: 74
2025-03-04 02:06:37 - Syncing data directory to S3: s3://rshane/FoxRiverAIRacing/data
2025-03-04 02:15:03 - Sync to S3 succeeded
2025-03-04 02:15:03 - Job completed
2025-03-04 02:00:01 - Results: 433 files, PlusPro: 74 files, Backup: Success
2025-03-04 02:15:03 - Job completed
2025-03-05 02:00:01 - Starting ingestion job
2025-03-05 02:00:01 - Environment variables loaded from /home/exx/myCode/horse-racing/FoxRiverAIRacing/config/.env
2025-03-05 02:00:01 - Starting download job
2025-03-05 02:05:40 - Download job succeeded
2025-03-05 02:05:40 - Results files downloaded: 426
2025-03-05 02:05:40 - PlusPro files downloaded: 61
2025-03-05 02:05:40 - Syncing data directory to S3: s3://rshane/FoxRiverAIRacing/data
2025-03-05 02:14:30 - Sync to S3 succeeded
2025-03-05 02:14:30 - Job completed
2025-03-05 02:00:01 - Results: 426 files, PlusPro: 61 files, Backup: Success
2025-03-05 02:14:30 - Job completed
2025-03-06 02:00:01 - Starting ingestion job
2025-03-06 02:00:01 - Environment variables loaded from /home/exx/myCode/horse-racing/FoxRiverAIRacing/config/.env
2025-03-06 02:00:01 - Starting download job
2025-03-06 02:05:37 - Download job succeeded
2025-03-06 02:05:37 - Results files downloaded: 418
2025-03-06 02:05:37 - PlusPro files downloaded: 63
2025-03-06 02:05:37 - Syncing data directory to S3: s3://rshane/FoxRiverAIRacing/data
2025-03-06 02:11:26 - Sync to S3 succeeded
2025-03-06 02:11:26 - Job completed
2025-03-06 02:00:01 - Results: 418 files, PlusPro: 63 files, Backup: Success
2025-03-06 02:11:26 - Job completed
2025-03-07 02:00:01 - Starting ingestion job
2025-03-07 02:00:01 - Environment variables loaded from /home/exx/myCode/horse-racing/FoxRiverAIRacing/config/.env
2025-03-07 02:00:01 - Starting download job
2025-03-07 02:05:45 - Download job succeeded
2025-03-07 02:05:45 - Results files downloaded: 419
2025-03-07 02:05:45 - PlusPro files downloaded: 79
2025-03-07 02:05:45 - Syncing data directory to S3: s3://rshane/FoxRiverAIRacing/data
2025-03-07 02:11:16 - Sync to S3 succeeded
2025-03-07 02:11:16 - Job completed
2025-03-07 02:00:01 - Results: 419 files, PlusPro: 79 files, Backup: Success
2025-03-07 02:11:16 - Job completed
2025-03-08 02:00:01 - Starting ingestion job
2025-03-08 02:00:01 - Environment variables loaded from /home/exx/myCode/horse-racing/FoxRiverAIRacing/config/.env
2025-03-08 02:00:01 - Starting download job
2025-03-08 02:05:10 - Download job succeeded
2025-03-08 02:05:10 - Results files downloaded: 431
2025-03-08 02:05:10 - PlusPro files downloaded: 93
2025-03-08 02:05:10 - Syncing data directory to S3: s3://rshane/FoxRiverAIRacing/data
2025-03-08 02:12:04 - Sync to S3 succeeded
2025-03-08 02:12:04 - Job completed
2025-03-08 02:00:01 - Results: 431 files, PlusPro: 93 files, Backup: Success
2025-03-08 02:12:04 - Job completed
2025-03-09 03:00:01 - Starting ingestion job
2025-03-09 03:00:01 - Environment variables loaded from /home/exx/myCode/horse-racing/FoxRiverAIRacing/config/.env
2025-03-09 03:00:01 - Starting download job
2025-03-09 03:05:35 - Download job succeeded
2025-03-09 03:05:35 - Results files downloaded: 445
2025-03-09 03:05:35 - PlusPro files downloaded: 94
2025-03-09 03:05:35 - Syncing data directory to S3: s3://rshane/FoxRiverAIRacing/data
2025-03-09 03:13:11 - Sync to S3 succeeded
2025-03-09 03:13:11 - Job completed
2025-03-09 03:00:01 - Results: 445 files, PlusPro: 94 files, Backup: Success
2025-03-09 03:13:11 - Job completed
2025-03-10 02:00:01 - Starting ingestion job
2025-03-10 02:00:01 - Environment variables loaded from /home/exx/myCode/horse-racing/FoxRiverAIRacing/config/.env
2025-03-10 02:00:01 - Starting download job
2025-03-10 02:05:45 - Download job succeeded
2025-03-10 02:05:45 - Results files downloaded: 455
2025-03-10 02:05:45 - PlusPro files downloaded: 92
2025-03-10 02:05:45 - Syncing data directory to S3: s3://rshane/FoxRiverAIRacing/data
2025-03-10 02:13:10 - Sync to S3 succeeded
2025-03-10 02:13:10 - Job completed
2025-03-10 02:00:01 - Results: 455 files, PlusPro: 92 files, Backup: Success
2025-03-10 02:13:10 - Job completed
2025-03-11 02:00:01 - Starting ingestion job
2025-03-11 02:00:01 - Environment variables loaded from /home/exx/myCode/horse-racing/FoxRiverAIRacing/config/.env
2025-03-11 02:00:01 - Starting download job
2025-03-11 02:07:03 - Download job succeeded
2025-03-11 02:07:03 - Results files downloaded: 451
2025-03-11 02:07:03 - PlusPro files downloaded: 79
2025-03-11 02:07:03 - Syncing data directory to S3: s3://rshane/FoxRiverAIRacing/data
2025-03-11 02:14:58 - Sync to S3 succeeded
2025-03-11 02:14:58 - Job completed
2025-03-11 02:00:01 - Results: 451 files, PlusPro: 79 files, Backup: Success
2025-03-11 02:14:58 - Job completed
2025-03-12 02:30:01 - Starting ingestion job
2025-03-12 02:30:01 - Environment variables loaded from /home/exx/myCode/horse-racing/FoxRiverAIRacing/config/.env
2025-03-12 02:30:01 - Starting download job
2025-03-12 02:34:40 - Download job succeeded
2025-03-12 02:34:40 - Results files downloaded: 422
2025-03-12 02:34:40 - PlusPro files downloaded: 48
2025-03-12 02:34:40 - Syncing data directory to S3: s3://rshane/FoxRiverAIRacing/data
2025-03-12 02:42:57 - Sync to S3 succeeded
2025-03-12 02:42:57 - Job completed
2025-03-12 02:30:01 - Results: 422 files, PlusPro: 48 files, Backup: Success
2025-03-12 02:42:57 - Job completed
2025-03-13 02:30:01 - Starting ingestion job
2025-03-13 02:30:01 - Environment variables loaded from /home/exx/myCode/horse-racing/FoxRiverAIRacing/config/.env
2025-03-13 02:30:01 - Starting download job
2025-03-13 02:35:17 - Download job succeeded
2025-03-13 02:35:17 - Results files downloaded: 419
2025-03-13 02:35:17 - PlusPro files downloaded: 62
2025-03-13 02:35:17 - Syncing data directory to S3: s3://rshane/FoxRiverAIRacing/data
2025-03-13 02:44:21 - Sync to S3 succeeded
2025-03-13 02:44:21 - Job completed
2025-03-13 02:30:01 - Results: 419 files, PlusPro: 62 files, Backup: Success
2025-03-13 02:44:21 - Job completed
2025-03-14 02:30:01 - Starting ingestion job
2025-03-14 02:30:01 - Environment variables loaded from /home/exx/myCode/horse-racing/FoxRiverAIRacing/config/.env
2025-03-14 02:30:01 - Starting download job
2025-03-14 02:34:37 - Download job succeeded
2025-03-14 02:34:37 - Results files downloaded: 426
2025-03-14 02:34:37 - PlusPro files downloaded: 80
2025-03-14 02:34:37 - Syncing data directory to S3: s3://rshane/FoxRiverAIRacing/data
2025-03-14 02:43:19 - Sync to S3 succeeded
2025-03-14 02:43:19 - Job completed
2025-03-14 02:30:01 - Results: 426 files, PlusPro: 80 files, Backup: Success
2025-03-14 02:43:19 - Job completed
2025-03-15 02:30:01 - Starting ingestion job
2025-03-15 02:30:01 - Environment variables loaded from /home/exx/myCode/horse-racing/FoxRiverAIRacing/config/.env
2025-03-15 02:30:01 - Starting download job
2025-03-15 02:34:45 - Download job succeeded
2025-03-15 02:34:45 - Results files downloaded: 437
2025-03-15 02:34:45 - PlusPro files downloaded: 90
2025-03-15 02:34:45 - Syncing data directory to S3: s3://rshane/FoxRiverAIRacing/data
2025-03-15 02:44:02 - Sync to S3 succeeded
2025-03-15 02:44:02 - Job completed
2025-03-15 02:30:01 - Results: 437 files, PlusPro: 90 files, Backup: Success
2025-03-15 02:44:02 - Job completed
2025-03-16 02:30:01 - Starting ingestion job
2025-03-16 02:30:01 - Environment variables loaded from /home/exx/myCode/horse-racing/FoxRiverAIRacing/config/.env
2025-03-16 02:30:01 - Starting download job
2025-03-16 02:35:23 - Download job succeeded
2025-03-16 02:35:23 - Results files downloaded: 442
2025-03-16 02:35:23 - PlusPro files downloaded: 85
2025-03-16 02:35:23 - Syncing data directory to S3: s3://rshane/FoxRiverAIRacing/data
2025-03-16 02:44:46 - Sync to S3 succeeded
2025-03-16 02:44:46 - Job completed
2025-03-16 02:30:01 - Results: 442 files, PlusPro: 85 files, Backup: Success
2025-03-16 02:44:46 - Job completed
2025-03-17 02:30:01 - Starting ingestion job
2025-03-17 02:30:01 - Environment variables loaded from /home/exx/myCode/horse-racing/FoxRiverAIRacing/config/.env
2025-03-17 02:30:01 - Starting download job
2025-03-17 02:35:08 - Download job succeeded
2025-03-17 02:35:08 - Results files downloaded: 442
2025-03-17 02:35:08 - PlusPro files downloaded: 74
2025-03-17 02:35:08 - Syncing data directory to S3: s3://rshane/FoxRiverAIRacing/data
2025-03-17 02:44:34 - Sync to S3 succeeded
2025-03-17 02:44:34 - Job completed
2025-03-17 02:30:01 - Results: 442 files, PlusPro: 74 files, Backup: Success
2025-03-17 02:44:34 - Job completed
2025-03-18 02:30:01 - Starting ingestion job
2025-03-18 02:30:01 - Environment variables loaded from /home/exx/myCode/horse-racing/FoxRiverAIRacing/config/.env
2025-03-18 02:30:01 - Starting download job
2025-03-18 02:32:20 - Download job failed
CSRF Token: jM4np9HfXC1vjLDRg533TBNykbkH4kSmPPy093Tl
Traceback (most recent call last):
  File "/home/exx/anaconda3/envs/mamba_env/envs/tf_gpu/lib/python3.11/site-packages/urllib3/connectionpool.py", line 715, in urlopen
    httplib_response = self._make_request(
                       ^^^^^^^^^^^^^^^^^^^
  File "/home/exx/anaconda3/envs/mamba_env/envs/tf_gpu/lib/python3.11/site-packages/urllib3/connectionpool.py", line 467, in _make_request
    six.raise_from(e, None)
  File "<string>", line 3, in raise_from
  File "/home/exx/anaconda3/envs/mamba_env/envs/tf_gpu/lib/python3.11/site-packages/urllib3/connectionpool.py", line 462, in _make_request
    httplib_response = conn.getresponse()
                       ^^^^^^^^^^^^^^^^^^
  File "/home/exx/anaconda3/envs/mamba_env/envs/tf_gpu/lib/python3.11/http/client.py", line 1395, in getresponse
    response.begin()
  File "/home/exx/anaconda3/envs/mamba_env/envs/tf_gpu/lib/python3.11/http/client.py", line 325, in begin
    version, status, reason = self._read_status()
                              ^^^^^^^^^^^^^^^^^^^
  File "/home/exx/anaconda3/envs/mamba_env/envs/tf_gpu/lib/python3.11/http/client.py", line 294, in _read_status
    raise RemoteDisconnected("Remote end closed connection without"
http.client.RemoteDisconnected: Remote end closed connection without response

During handling of the above exception, another exception occurred:

Traceback (most recent call last):
  File "/home/exx/anaconda3/envs/mamba_env/envs/tf_gpu/lib/python3.11/site-packages/requests/adapters.py", line 667, in send
    resp = conn.urlopen(
           ^^^^^^^^^^^^^
  File "/home/exx/anaconda3/envs/mamba_env/envs/tf_gpu/lib/python3.11/site-packages/urllib3/connectionpool.py", line 801, in urlopen
    retries = retries.increment(
              ^^^^^^^^^^^^^^^^^^
  File "/home/exx/anaconda3/envs/mamba_env/envs/tf_gpu/lib/python3.11/site-packages/urllib3/util/retry.py", line 552, in increment
    raise six.reraise(type(error), error, _stacktrace)
          ^^^^^^^^^^^^^^^^^^^^^^^^^^^^^^^^^^^^^^^^^^^^
  File "/home/exx/anaconda3/envs/mamba_env/envs/tf_gpu/lib/python3.11/site-packages/urllib3/packages/six.py", line 769, in reraise
    raise value.with_traceback(tb)
  File "/home/exx/anaconda3/envs/mamba_env/envs/tf_gpu/lib/python3.11/site-packages/urllib3/connectionpool.py", line 715, in urlopen
    httplib_response = self._make_request(
                       ^^^^^^^^^^^^^^^^^^^
  File "/home/exx/anaconda3/envs/mamba_env/envs/tf_gpu/lib/python3.11/site-packages/urllib3/connectionpool.py", line 467, in _make_request
    six.raise_from(e, None)
  File "<string>", line 3, in raise_from
  File "/home/exx/anaconda3/envs/mamba_env/envs/tf_gpu/lib/python3.11/site-packages/urllib3/connectionpool.py", line 462, in _make_request
    httplib_response = conn.getresponse()
                       ^^^^^^^^^^^^^^^^^^
  File "/home/exx/anaconda3/envs/mamba_env/envs/tf_gpu/lib/python3.11/http/client.py", line 1395, in getresponse
    response.begin()
  File "/home/exx/anaconda3/envs/mamba_env/envs/tf_gpu/lib/python3.11/http/client.py", line 325, in begin
    version, status, reason = self._read_status()
                              ^^^^^^^^^^^^^^^^^^^
  File "/home/exx/anaconda3/envs/mamba_env/envs/tf_gpu/lib/python3.11/http/client.py", line 294, in _read_status
    raise RemoteDisconnected("Remote end closed connection without"
urllib3.exceptions.ProtocolError: ('Connection aborted.', RemoteDisconnected('Remote end closed connection without response'))

During handling of the above exception, another exception occurred:

Traceback (most recent call last):
  File "/home/exx/myCode/horse-racing/FoxRiverAIRacing/src/data_download/Trackmaster/plusPro_results_charts.py", line 164, in <module>
    login()
  File "/home/exx/myCode/horse-racing/FoxRiverAIRacing/src/data_download/Trackmaster/plusPro_results_charts.py", line 59, in login
    login_response = session.post(login_url, data=payload, headers=headers)
                     ^^^^^^^^^^^^^^^^^^^^^^^^^^^^^^^^^^^^^^^^^^^^^^^^^^^^^^
  File "/home/exx/anaconda3/envs/mamba_env/envs/tf_gpu/lib/python3.11/site-packages/requests/sessions.py", line 637, in post
    return self.request("POST", url, data=data, json=json, **kwargs)
           ^^^^^^^^^^^^^^^^^^^^^^^^^^^^^^^^^^^^^^^^^^^^^^^^^^^^^^^^^
  File "/home/exx/anaconda3/envs/mamba_env/envs/tf_gpu/lib/python3.11/site-packages/requests/sessions.py", line 589, in request
    resp = self.send(prep, **send_kwargs)
           ^^^^^^^^^^^^^^^^^^^^^^^^^^^^^^
  File "/home/exx/anaconda3/envs/mamba_env/envs/tf_gpu/lib/python3.11/site-packages/requests/sessions.py", line 724, in send
    history = [resp for resp in gen]
              ^^^^^^^^^^^^^^^^^^^^^^
  File "/home/exx/anaconda3/envs/mamba_env/envs/tf_gpu/lib/python3.11/site-packages/requests/sessions.py", line 724, in <listcomp>
    history = [resp for resp in gen]
              ^^^^^^^^^^^^^^^^^^^^^^
  File "/home/exx/anaconda3/envs/mamba_env/envs/tf_gpu/lib/python3.11/site-packages/requests/sessions.py", line 265, in resolve_redirects
    resp = self.send(
           ^^^^^^^^^^
  File "/home/exx/anaconda3/envs/mamba_env/envs/tf_gpu/lib/python3.11/site-packages/requests/sessions.py", line 703, in send
    r = adapter.send(request, **kwargs)
        ^^^^^^^^^^^^^^^^^^^^^^^^^^^^^^^
  File "/home/exx/anaconda3/envs/mamba_env/envs/tf_gpu/lib/python3.11/site-packages/requests/adapters.py", line 682, in send
    raise ConnectionError(err, request=request)
requests.exceptions.ConnectionError: ('Connection aborted.', RemoteDisconnected('Remote end closed connection without response'))
2025-03-19 02:30:01 - Starting ingestion job
2025-03-19 02:30:01 - Environment variables loaded from /home/exx/myCode/horse-racing/FoxRiverAIRacing/config/.env
2025-03-19 02:30:01 - Starting download job
2025-03-19 02:34:44 - Download job succeeded
2025-03-19 02:34:44 - Results files downloaded: 428
2025-03-19 02:34:44 - PlusPro files downloaded: 48
2025-03-19 02:34:44 - Syncing data directory to S3: s3://rshane/FoxRiverAIRacing/data
2025-03-19 02:44:42 - Sync to S3 succeeded
2025-03-19 02:44:42 - Job completed
2025-03-19 02:30:01 - Results: 428 files, PlusPro: 48 files, Backup: Success
2025-03-19 02:44:42 - Job completed
2025-03-21 02:30:01 - Starting ingestion job
2025-03-21 02:30:01 - Environment variables loaded from /home/exx/myCode/horse-racing/FoxRiverAIRacing/config/.env
2025-03-21 02:30:01 - Starting download job
2025-03-21 02:35:24 - Download job succeeded
2025-03-21 02:35:24 - Results files downloaded: 432
2025-03-21 02:35:24 - PlusPro files downloaded: 78
2025-03-21 02:35:24 - Syncing data directory to S3: s3://rshane/FoxRiverAIRacing/data
2025-03-21 02:47:30 - Sync to S3 succeeded
2025-03-21 02:47:30 - Job completed
2025-03-21 02:30:01 - Results: 432 files, PlusPro: 78 files, Backup: Success
2025-03-21 02:47:30 - Job completed
2025-03-22 02:30:01 - Starting ingestion job
2025-03-22 02:30:01 - Environment variables loaded from /home/exx/myCode/horse-racing/FoxRiverAIRacing/config/.env
2025-03-22 02:30:01 - Starting download job
2025-03-22 02:35:00 - Download job succeeded
2025-03-22 02:35:00 - Results files downloaded: 445
2025-03-22 02:35:00 - PlusPro files downloaded: 88
2025-03-22 02:35:00 - Syncing data directory to S3: s3://rshane/FoxRiverAIRacing/data
2025-03-22 02:47:16 - Sync to S3 succeeded
2025-03-22 02:47:16 - Job completed
2025-03-22 02:30:01 - Results: 445 files, PlusPro: 88 files, Backup: Success
2025-03-22 02:47:16 - Job completed
2025-03-23 02:30:01 - Starting ingestion job
2025-03-23 02:30:01 - Environment variables loaded from /home/exx/myCode/horse-racing/FoxRiverAIRacing/config/.env
2025-03-23 02:30:01 - Starting download job
2025-03-23 02:35:29 - Download job succeeded
2025-03-23 02:35:29 - Results files downloaded: 453
2025-03-23 02:35:29 - PlusPro files downloaded: 84
2025-03-23 02:35:29 - Syncing data directory to S3: s3://rshane/FoxRiverAIRacing/data
2025-03-23 02:47:46 - Sync to S3 succeeded
2025-03-23 02:47:46 - Job completed
2025-03-23 02:30:01 - Results: 453 files, PlusPro: 84 files, Backup: Success
2025-03-23 02:47:46 - Job completed
2025-03-24 02:30:01 - Starting ingestion job
2025-03-24 02:30:01 - Environment variables loaded from /home/exx/myCode/horse-racing/FoxRiverAIRacing/config/.env
2025-03-24 02:30:01 - Starting download job
2025-03-24 02:34:44 - Download job succeeded
2025-03-24 02:34:44 - Results files downloaded: 455
2025-03-24 02:34:44 - PlusPro files downloaded: 71
2025-03-24 02:34:44 - Syncing data directory to S3: s3://rshane/FoxRiverAIRacing/data
2025-03-24 02:46:36 - Sync to S3 succeeded
2025-03-24 02:46:36 - Job completed
2025-03-24 02:30:01 - Results: 455 files, PlusPro: 71 files, Backup: Success
2025-03-24 02:46:36 - Job completed
2025-03-25 02:30:01 - Starting ingestion job
2025-03-25 02:30:01 - Environment variables loaded from /home/exx/myCode/horse-racing/FoxRiverAIRacing/config/.env
2025-03-25 02:30:01 - Starting download job
2025-03-25 02:37:19 - Download job succeeded
2025-03-25 02:37:19 - Results files downloaded: 447
2025-03-25 02:37:19 - PlusPro files downloaded: 55
2025-03-25 02:37:19 - Syncing data directory to S3: s3://rshane/FoxRiverAIRacing/data
2025-03-25 02:49:14 - Sync to S3 succeeded
2025-03-25 02:49:14 - Job completed
2025-03-25 02:30:01 - Results: 447 files, PlusPro: 55 files, Backup: Success
2025-03-25 02:49:14 - Job completed
2025-03-26 02:30:01 - Starting ingestion job
2025-03-26 02:30:01 - Environment variables loaded from /home/exx/myCode/horse-racing/FoxRiverAIRacing/config/.env
2025-03-26 02:30:01 - Starting download job
2025-03-26 02:36:39 - Download job succeeded
2025-03-26 02:36:39 - Results files downloaded: 437
2025-03-26 02:36:39 - PlusPro files downloaded: 45
2025-03-26 02:36:39 - Syncing data directory to S3: s3://rshane/FoxRiverAIRacing/data
2025-03-26 02:48:40 - Sync to S3 succeeded
2025-03-26 02:48:40 - Job completed
2025-03-26 02:30:01 - Results: 437 files, PlusPro: 45 files, Backup: Success
2025-03-26 02:48:40 - Job completed
2025-03-27 02:30:01 - Starting ingestion job
2025-03-27 02:30:01 - Environment variables loaded from /home/exx/myCode/horse-racing/FoxRiverAIRacing/config/.env
2025-03-27 02:30:01 - Starting download job
2025-03-27 02:30:21 - Download job failed
Traceback (most recent call last):
  File "/home/exx/anaconda3/envs/mamba_env/envs/tf_gpu/lib/python3.11/site-packages/urllib3/connection.py", line 174, in _new_conn
    conn = connection.create_connection(
           ^^^^^^^^^^^^^^^^^^^^^^^^^^^^^
  File "/home/exx/anaconda3/envs/mamba_env/envs/tf_gpu/lib/python3.11/site-packages/urllib3/util/connection.py", line 72, in create_connection
    for res in socket.getaddrinfo(host, port, family, socket.SOCK_STREAM):
               ^^^^^^^^^^^^^^^^^^^^^^^^^^^^^^^^^^^^^^^^^^^^^^^^^^^^^^^^^^
  File "/home/exx/anaconda3/envs/mamba_env/envs/tf_gpu/lib/python3.11/socket.py", line 962, in getaddrinfo
    for res in _socket.getaddrinfo(host, port, family, type, proto, flags):
               ^^^^^^^^^^^^^^^^^^^^^^^^^^^^^^^^^^^^^^^^^^^^^^^^^^^^^^^^^^^
socket.gaierror: [Errno -2] Name or service not known

During handling of the above exception, another exception occurred:

Traceback (most recent call last):
  File "/home/exx/anaconda3/envs/mamba_env/envs/tf_gpu/lib/python3.11/site-packages/urllib3/connectionpool.py", line 715, in urlopen
    httplib_response = self._make_request(
                       ^^^^^^^^^^^^^^^^^^^
  File "/home/exx/anaconda3/envs/mamba_env/envs/tf_gpu/lib/python3.11/site-packages/urllib3/connectionpool.py", line 404, in _make_request
    self._validate_conn(conn)
  File "/home/exx/anaconda3/envs/mamba_env/envs/tf_gpu/lib/python3.11/site-packages/urllib3/connectionpool.py", line 1060, in _validate_conn
    conn.connect()
  File "/home/exx/anaconda3/envs/mamba_env/envs/tf_gpu/lib/python3.11/site-packages/urllib3/connection.py", line 363, in connect
    self.sock = conn = self._new_conn()
                       ^^^^^^^^^^^^^^^^
  File "/home/exx/anaconda3/envs/mamba_env/envs/tf_gpu/lib/python3.11/site-packages/urllib3/connection.py", line 186, in _new_conn
    raise NewConnectionError(
urllib3.exceptions.NewConnectionError: <urllib3.connection.HTTPSConnection object at 0x7f172a20e5d0>: Failed to establish a new connection: [Errno -2] Name or service not known

During handling of the above exception, another exception occurred:

Traceback (most recent call last):
  File "/home/exx/anaconda3/envs/mamba_env/envs/tf_gpu/lib/python3.11/site-packages/requests/adapters.py", line 667, in send
    resp = conn.urlopen(
           ^^^^^^^^^^^^^
  File "/home/exx/anaconda3/envs/mamba_env/envs/tf_gpu/lib/python3.11/site-packages/urllib3/connectionpool.py", line 801, in urlopen
    retries = retries.increment(
              ^^^^^^^^^^^^^^^^^^
  File "/home/exx/anaconda3/envs/mamba_env/envs/tf_gpu/lib/python3.11/site-packages/urllib3/util/retry.py", line 594, in increment
    raise MaxRetryError(_pool, url, error or ResponseError(cause))
urllib3.exceptions.MaxRetryError: HTTPSConnectionPool(host='www.trackmaster.com', port=443): Max retries exceeded with url: /myAccountLogin (Caused by NewConnectionError('<urllib3.connection.HTTPSConnection object at 0x7f172a20e5d0>: Failed to establish a new connection: [Errno -2] Name or service not known'))

During handling of the above exception, another exception occurred:

Traceback (most recent call last):
  File "/home/exx/myCode/horse-racing/FoxRiverAIRacing/src/data_download/Trackmaster/plusPro_results_charts.py", line 164, in <module>
    login()
  File "/home/exx/myCode/horse-racing/FoxRiverAIRacing/src/data_download/Trackmaster/plusPro_results_charts.py", line 34, in login
    response = session.get(login_url)
               ^^^^^^^^^^^^^^^^^^^^^^
  File "/home/exx/anaconda3/envs/mamba_env/envs/tf_gpu/lib/python3.11/site-packages/requests/sessions.py", line 602, in get
    return self.request("GET", url, **kwargs)
           ^^^^^^^^^^^^^^^^^^^^^^^^^^^^^^^^^^
  File "/home/exx/anaconda3/envs/mamba_env/envs/tf_gpu/lib/python3.11/site-packages/requests/sessions.py", line 589, in request
    resp = self.send(prep, **send_kwargs)
           ^^^^^^^^^^^^^^^^^^^^^^^^^^^^^^
  File "/home/exx/anaconda3/envs/mamba_env/envs/tf_gpu/lib/python3.11/site-packages/requests/sessions.py", line 703, in send
    r = adapter.send(request, **kwargs)
        ^^^^^^^^^^^^^^^^^^^^^^^^^^^^^^^
  File "/home/exx/anaconda3/envs/mamba_env/envs/tf_gpu/lib/python3.11/site-packages/requests/adapters.py", line 700, in send
    raise ConnectionError(e, request=request)
requests.exceptions.ConnectionError: HTTPSConnectionPool(host='www.trackmaster.com', port=443): Max retries exceeded with url: /myAccountLogin (Caused by NewConnectionError('<urllib3.connection.HTTPSConnection object at 0x7f172a20e5d0>: Failed to establish a new connection: [Errno -2] Name or service not known'))
2025-03-28 02:30:01 - Starting ingestion job
2025-03-28 02:30:01 - Environment variables loaded from /home/exx/myCode/horse-racing/FoxRiverAIRacing/config/.env
2025-03-28 02:30:01 - Starting download job
2025-03-28 02:37:42 - Download job succeeded
2025-03-28 02:37:42 - Results files downloaded: 444
2025-03-28 02:37:42 - PlusPro files downloaded: 70
2025-03-28 02:37:42 - Syncing data directory to S3: s3://rshane/FoxRiverAIRacing/data
2025-03-28 02:47:38 - Sync to S3 succeeded
2025-03-28 02:47:38 - Job completed
2025-03-28 02:30:01 - Results: 444 files, PlusPro: 70 files, Backup: Success
2025-03-28 02:47:38 - Job completed
2025-03-29 02:30:01 - Starting ingestion job
2025-03-29 02:30:01 - Environment variables loaded from /home/exx/myCode/horse-racing/FoxRiverAIRacing/config/.env
2025-03-29 02:30:01 - Starting download job
2025-03-29 02:37:47 - Download job succeeded
2025-03-29 02:37:47 - Results files downloaded: 456
2025-03-29 02:37:47 - PlusPro files downloaded: 78
2025-03-29 02:37:47 - Syncing data directory to S3: s3://rshane/FoxRiverAIRacing/data
2025-03-29 02:47:51 - Sync to S3 succeeded
2025-03-29 02:47:51 - Job completed
2025-03-29 02:30:01 - Results: 456 files, PlusPro: 78 files, Backup: Success
2025-03-29 02:47:51 - Job completed
2025-03-30 02:30:01 - Starting ingestion job
2025-03-30 02:30:01 - Environment variables loaded from /home/exx/myCode/horse-racing/FoxRiverAIRacing/config/.env
2025-03-30 02:30:01 - Starting download job
2025-03-30 02:38:01 - Download job succeeded
2025-03-30 02:38:01 - Results files downloaded: 462
2025-03-30 02:38:01 - PlusPro files downloaded: 70
2025-03-30 02:38:01 - Syncing data directory to S3: s3://rshane/FoxRiverAIRacing/data
2025-03-30 02:48:25 - Sync to S3 succeeded
2025-03-30 02:48:25 - Job completed
2025-03-30 02:30:01 - Results: 462 files, PlusPro: 70 files, Backup: Success
2025-03-30 02:48:25 - Job completed
2025-03-31 02:30:01 - Starting ingestion job
2025-03-31 02:30:01 - Environment variables loaded from /home/exx/myCode/horse-racing/FoxRiverAIRacing/config/.env
2025-03-31 02:30:01 - Starting download job
2025-03-31 02:40:59 - Download job succeeded
2025-03-31 02:40:59 - Results files downloaded: 465
2025-03-31 02:40:59 - PlusPro files downloaded: 57
2025-03-31 02:40:59 - Syncing data directory to S3: s3://rshane/FoxRiverAIRacing/data
2025-03-31 02:51:32 - Sync to S3 succeeded
2025-03-31 02:51:32 - Job completed
2025-03-31 02:30:01 - Results: 465 files, PlusPro: 57 files, Backup: Success
2025-03-31 02:51:32 - Job completed
2025-04-01 02:30:01 - Starting ingestion job
2025-04-01 02:30:01 - Environment variables loaded from /home/exx/myCode/horse-racing/FoxRiverAIRacing/config/.env
2025-04-01 02:30:01 - Starting download job
2025-04-01 02:38:59 - Download job failed
CSRF Token: imuzQ0bkikBKnYVdhrm73sYH8qaaiDmWYwPT7BRu
Traceback (most recent call last):
  File "/home/exx/anaconda3/envs/mamba_env/envs/tf_gpu/lib/python3.11/site-packages/urllib3/connectionpool.py", line 715, in urlopen
    httplib_response = self._make_request(
                       ^^^^^^^^^^^^^^^^^^^
  File "/home/exx/anaconda3/envs/mamba_env/envs/tf_gpu/lib/python3.11/site-packages/urllib3/connectionpool.py", line 467, in _make_request
    six.raise_from(e, None)
  File "<string>", line 3, in raise_from
  File "/home/exx/anaconda3/envs/mamba_env/envs/tf_gpu/lib/python3.11/site-packages/urllib3/connectionpool.py", line 462, in _make_request
    httplib_response = conn.getresponse()
                       ^^^^^^^^^^^^^^^^^^
  File "/home/exx/anaconda3/envs/mamba_env/envs/tf_gpu/lib/python3.11/http/client.py", line 1395, in getresponse
    response.begin()
  File "/home/exx/anaconda3/envs/mamba_env/envs/tf_gpu/lib/python3.11/http/client.py", line 325, in begin
    version, status, reason = self._read_status()
                              ^^^^^^^^^^^^^^^^^^^
  File "/home/exx/anaconda3/envs/mamba_env/envs/tf_gpu/lib/python3.11/http/client.py", line 294, in _read_status
    raise RemoteDisconnected("Remote end closed connection without"
http.client.RemoteDisconnected: Remote end closed connection without response

During handling of the above exception, another exception occurred:

Traceback (most recent call last):
  File "/home/exx/anaconda3/envs/mamba_env/envs/tf_gpu/lib/python3.11/site-packages/requests/adapters.py", line 667, in send
    resp = conn.urlopen(
           ^^^^^^^^^^^^^
  File "/home/exx/anaconda3/envs/mamba_env/envs/tf_gpu/lib/python3.11/site-packages/urllib3/connectionpool.py", line 801, in urlopen
    retries = retries.increment(
              ^^^^^^^^^^^^^^^^^^
  File "/home/exx/anaconda3/envs/mamba_env/envs/tf_gpu/lib/python3.11/site-packages/urllib3/util/retry.py", line 552, in increment
    raise six.reraise(type(error), error, _stacktrace)
          ^^^^^^^^^^^^^^^^^^^^^^^^^^^^^^^^^^^^^^^^^^^^
  File "/home/exx/anaconda3/envs/mamba_env/envs/tf_gpu/lib/python3.11/site-packages/urllib3/packages/six.py", line 769, in reraise
    raise value.with_traceback(tb)
  File "/home/exx/anaconda3/envs/mamba_env/envs/tf_gpu/lib/python3.11/site-packages/urllib3/connectionpool.py", line 715, in urlopen
    httplib_response = self._make_request(
                       ^^^^^^^^^^^^^^^^^^^
  File "/home/exx/anaconda3/envs/mamba_env/envs/tf_gpu/lib/python3.11/site-packages/urllib3/connectionpool.py", line 467, in _make_request
    six.raise_from(e, None)
  File "<string>", line 3, in raise_from
  File "/home/exx/anaconda3/envs/mamba_env/envs/tf_gpu/lib/python3.11/site-packages/urllib3/connectionpool.py", line 462, in _make_request
    httplib_response = conn.getresponse()
                       ^^^^^^^^^^^^^^^^^^
  File "/home/exx/anaconda3/envs/mamba_env/envs/tf_gpu/lib/python3.11/http/client.py", line 1395, in getresponse
    response.begin()
  File "/home/exx/anaconda3/envs/mamba_env/envs/tf_gpu/lib/python3.11/http/client.py", line 325, in begin
    version, status, reason = self._read_status()
                              ^^^^^^^^^^^^^^^^^^^
  File "/home/exx/anaconda3/envs/mamba_env/envs/tf_gpu/lib/python3.11/http/client.py", line 294, in _read_status
    raise RemoteDisconnected("Remote end closed connection without"
urllib3.exceptions.ProtocolError: ('Connection aborted.', RemoteDisconnected('Remote end closed connection without response'))

During handling of the above exception, another exception occurred:

Traceback (most recent call last):
  File "/home/exx/myCode/horse-racing/FoxRiverAIRacing/src/data_download/Trackmaster/plusPro_results_charts.py", line 164, in <module>
    login()
  File "/home/exx/myCode/horse-racing/FoxRiverAIRacing/src/data_download/Trackmaster/plusPro_results_charts.py", line 59, in login
    login_response = session.post(login_url, data=payload, headers=headers)
                     ^^^^^^^^^^^^^^^^^^^^^^^^^^^^^^^^^^^^^^^^^^^^^^^^^^^^^^
  File "/home/exx/anaconda3/envs/mamba_env/envs/tf_gpu/lib/python3.11/site-packages/requests/sessions.py", line 637, in post
    return self.request("POST", url, data=data, json=json, **kwargs)
           ^^^^^^^^^^^^^^^^^^^^^^^^^^^^^^^^^^^^^^^^^^^^^^^^^^^^^^^^^
  File "/home/exx/anaconda3/envs/mamba_env/envs/tf_gpu/lib/python3.11/site-packages/requests/sessions.py", line 589, in request
    resp = self.send(prep, **send_kwargs)
           ^^^^^^^^^^^^^^^^^^^^^^^^^^^^^^
  File "/home/exx/anaconda3/envs/mamba_env/envs/tf_gpu/lib/python3.11/site-packages/requests/sessions.py", line 724, in send
    history = [resp for resp in gen]
              ^^^^^^^^^^^^^^^^^^^^^^
  File "/home/exx/anaconda3/envs/mamba_env/envs/tf_gpu/lib/python3.11/site-packages/requests/sessions.py", line 724, in <listcomp>
    history = [resp for resp in gen]
              ^^^^^^^^^^^^^^^^^^^^^^
  File "/home/exx/anaconda3/envs/mamba_env/envs/tf_gpu/lib/python3.11/site-packages/requests/sessions.py", line 265, in resolve_redirects
    resp = self.send(
           ^^^^^^^^^^
  File "/home/exx/anaconda3/envs/mamba_env/envs/tf_gpu/lib/python3.11/site-packages/requests/sessions.py", line 703, in send
    r = adapter.send(request, **kwargs)
        ^^^^^^^^^^^^^^^^^^^^^^^^^^^^^^^
  File "/home/exx/anaconda3/envs/mamba_env/envs/tf_gpu/lib/python3.11/site-packages/requests/adapters.py", line 682, in send
    raise ConnectionError(err, request=request)
requests.exceptions.ConnectionError: ('Connection aborted.', RemoteDisconnected('Remote end closed connection without response'))
2025-04-02 02:30:01 - Starting ingestion job
2025-04-02 02:30:01 - Environment variables loaded from /home/exx/myCode/horse-racing/FoxRiverAIRacing/config/.env
2025-04-02 02:30:01 - Starting download job
2025-04-03 02:30:01 - Starting ingestion job
2025-04-03 02:30:01 - Environment variables loaded from /home/exx/myCode/horse-racing/FoxRiverAIRacing/config/.env
2025-04-03 02:30:01 - Starting download job
2025-04-03 02:39:19 - Download job succeeded
2025-04-03 02:39:19 - Results files downloaded: 442
2025-04-03 02:39:19 - PlusPro files downloaded: 55
2025-04-03 02:39:19 - Syncing data directory to S3: s3://rshane/FoxRiverAIRacing/data
2025-04-03 02:49:59 - Sync to S3 succeeded
2025-04-03 02:49:59 - Job completed
2025-04-03 02:30:01 - Results: 442 files, PlusPro: 55 files, Backup: Success
2025-04-03 02:49:59 - Job completed
2025-04-04 02:30:01 - Starting ingestion job
2025-04-04 02:30:01 - Environment variables loaded from /home/exx/myCode/horse-racing/FoxRiverAIRacing/config/.env
2025-04-04 02:30:01 - Starting download job
2025-04-04 02:39:28 - Download job succeeded
2025-04-04 02:39:28 - Results files downloaded: 445
2025-04-04 02:39:28 - PlusPro files downloaded: 70
2025-04-04 02:39:28 - Syncing data directory to S3: s3://rshane/FoxRiverAIRacing/data
2025-04-04 02:50:03 - Sync to S3 succeeded
2025-04-04 02:50:03 - Job completed
2025-04-04 02:30:01 - Results: 445 files, PlusPro: 70 files, Backup: Success
2025-04-04 02:50:03 - Job completed
2025-04-05 02:30:01 - Starting ingestion job
2025-04-05 02:30:01 - Environment variables loaded from /home/exx/myCode/horse-racing/FoxRiverAIRacing/config/.env
2025-04-05 02:30:01 - Starting download job
2025-04-05 02:41:21 - Download job succeeded
2025-04-05 02:41:21 - Results files downloaded: 456
2025-04-05 02:41:21 - PlusPro files downloaded: 81
2025-04-05 02:41:21 - Syncing data directory to S3: s3://rshane/FoxRiverAIRacing/data
2025-04-05 02:52:21 - Sync to S3 succeeded
2025-04-05 02:52:21 - Job completed
2025-04-05 02:30:01 - Results: 456 files, PlusPro: 81 files, Backup: Success
2025-04-05 02:52:21 - Job completed
2025-04-06 02:30:01 - Starting ingestion job
2025-04-06 02:30:01 - Environment variables loaded from /home/exx/myCode/horse-racing/FoxRiverAIRacing/config/.env
2025-04-06 02:30:01 - Starting download job
2025-04-06 02:45:58 - Download job succeeded
2025-04-06 02:45:58 - Results files downloaded: 464
2025-04-06 02:45:58 - PlusPro files downloaded: 75
2025-04-06 02:45:58 - Syncing data directory to S3: s3://rshane/FoxRiverAIRacing/data
2025-04-06 02:56:34 - Sync to S3 succeeded
2025-04-06 02:56:34 - Job completed
2025-04-06 02:30:01 - Results: 464 files, PlusPro: 75 files, Backup: Success
2025-04-06 02:56:34 - Job completed
2025-04-07 02:30:01 - Starting ingestion job
2025-04-07 02:30:01 - Environment variables loaded from /home/exx/myCode/horse-racing/FoxRiverAIRacing/config/.env
2025-04-07 02:30:01 - Starting download job
2025-04-07 02:47:48 - Download job succeeded
2025-04-07 02:47:48 - Results files downloaded: 471
2025-04-07 02:47:48 - PlusPro files downloaded: 62
2025-04-07 02:47:48 - Syncing data directory to S3: s3://rshane/FoxRiverAIRacing/data
2025-04-07 02:58:29 - Sync to S3 succeeded
2025-04-07 02:58:29 - Job completed
2025-04-07 02:30:01 - Results: 471 files, PlusPro: 62 files, Backup: Success
2025-04-07 02:58:29 - Job completed
2025-04-08 02:30:01 - Starting ingestion job
2025-04-08 02:30:01 - Environment variables loaded from /home/exx/myCode/horse-racing/FoxRiverAIRacing/config/.env
2025-04-08 02:30:01 - Starting download job
2025-04-08 09:42:16 - Starting ingestion job
2025-04-08 09:42:16 - Environment variables loaded from /home/exx/myCode/horse-racing/FoxRiverAIRacing/config/.env
2025-04-08 09:42:16 - Starting download job
2025-04-08 09:48:03 - Download job succeeded
2025-04-08 09:48:03 - Results files downloaded: 465
2025-04-08 09:48:03 - PlusPro files downloaded: 48
2025-04-08 09:48:03 - Syncing data directory to S3: s3://rshane/FoxRiverAIRacing/data
2025-04-08 09:58:50 - Sync to S3 succeeded
2025-04-08 09:58:50 - Job completed
2025-04-08 09:42:16 - Results: 465 files, PlusPro: 48 files, Backup: Success
2025-04-08 09:58:50 - Job completed
